#
# There is insufficient memory for the Java Runtime Environment to continue.
# Native memory allocation (malloc) failed to allocate 32744 bytes for ChunkPool::allocate
# Possible reasons:
#   The system is out of physical RAM or swap space
#   In 32 bit mode, the process size limit was hit
# Possible solutions:
#   Reduce memory load on the system
#   Increase physical memory or swap space
#   Check if swap backing store is full
#   Use 64 bit Java on a 64 bit OS
#   Decrease Java heap size (-Xmx/-Xms)
#   Decrease number of Java threads
#   Decrease Java thread stack sizes (-Xss)
#   Set larger code cache with -XX:ReservedCodeCacheSize=
# This output file may be truncated or incomplete.
#
#  Out of Memory Error (allocation.cpp:273), pid=29148, tid=0x0000000000008afc
#
# JRE version: OpenJDK Runtime Environment (8.0_152-b01) (build 1.8.0_152-release-915-b01)
# Java VM: OpenJDK 64-Bit Server VM (25.152-b01 mixed mode windows-amd64 compressed oops)
# Failed to write core dump. Minidumps are not enabled by default on client versions of Windows
#

---------------  T H R E A D  ---------------

Current thread (0x0000000056066000):  JavaThread "C2 CompilerThread1" daemon [_thread_in_native, id=35580, stack(0x0000000057b20000,0x0000000057c20000)]

Stack: [0x0000000057b20000,0x0000000057c20000]
[error occurred during error reporting (printing stack bounds), id 0xc0000005]

Native frames: (J=compiled Java code, j=interpreted, Vv=VM code, C=native code)


Current CompileTask:
C2:1171337 16207       4       com.google.gson.stream.JsonReader::doPeek (744 bytes)


---------------  P R O C E S S  ---------------

Java Threads: ( => current thread )
  0x000000005d69e000 JavaThread "RMI TCP Connection(17)-127.0.0.1" daemon [_thread_in_native, id=48316, stack(0x0000000064440000,0x0000000064540000)]
  0x000000005d69f000 JavaThread "RMI RenewClean-[localhost:17516,org.jetbrains.kotlin.daemon.common.LoopbackNetworkInterface$ClientLoopbackSocketFactory@46a89bd6]" daemon [_thread_blocked, id=15736, stack(0x0000000064010000,0x0000000064110000)]
  0x000000005d69d800 JavaThread "RMI TCP Connection(15)-127.0.0.1" daemon [_thread_in_native, id=39188, stack(0x0000000064290000,0x0000000064390000)]
  0x000000005b803000 JavaThread "RMI RenewClean-[localhost:17516,org.jetbrains.kotlin.daemon.common.LoopbackNetworkInterface$ClientLoopbackSocketFactory@71bd627d]" daemon [_thread_blocked, id=7360, stack(0x000000005f540000,0x000000005f640000)]
  0x000000005d69c800 JavaThread "RMI RenewClean-[localhost:17516,org.jetbrains.kotlin.daemon.common.LoopbackNetworkInterface$ClientLoopbackSocketFactory@79b7fa11]" daemon [_thread_blocked, id=46100, stack(0x000000005feb0000,0x000000005ffb0000)]
  0x000000005d698000 JavaThread "Task worker for ':' Thread 3" [_thread_in_native, id=31080, stack(0x0000000063d50000,0x0000000063e50000)]
  0x000000005d69b000 JavaThread "Task worker for ':' Thread 2" [_thread_blocked, id=33800, stack(0x0000000063bf0000,0x0000000063cf0000)]
  0x000000005c585000 JavaThread "Task worker for ':'" [_thread_blocked, id=50328, stack(0x0000000063310000,0x0000000063410000)]
  0x000000005c587800 JavaThread "Cache worker for Build Output Cleanup Cache (D:\trunglv\Tutone\.gradle\buildOutputCleanup)" [_thread_blocked, id=40840, stack(0x00000000631e0000,0x00000000632e0000)]
  0x000000005c587000 JavaThread "Cache worker for task history cache (D:\trunglv\Tutone\.gradle\4.4\taskHistory)" [_thread_blocked, id=21840, stack(0x0000000061c10000,0x0000000061d10000)]
  0x000000005c583000 JavaThread "Cache worker for file content cache (D:\trunglv\Tutone\.gradle\4.4\fileContent)" [_thread_blocked, id=11172, stack(0x000000005fce0000,0x000000005fde0000)]
  0x000000005c581800 JavaThread "build operations Thread 4" [_thread_blocked, id=35212, stack(0x000000005ab20000,0x000000005ac20000)]
  0x000000005c584800 JavaThread "build operations Thread 3" [_thread_blocked, id=4340, stack(0x000000005a710000,0x000000005a810000)]
  0x000000005c586000 JavaThread "build operations Thread 2" [_thread_blocked, id=28416, stack(0x000000005f6b0000,0x000000005f7b0000)]
  0x000000005d175000 JavaThread "build operations" [_thread_blocked, id=43524, stack(0x000000005f430000,0x000000005f530000)]
  0x000000005d175800 JavaThread "Cache worker for Artifact transforms cache (C:\Users\Admin\.gradle\caches\transforms-1)" [_thread_blocked, id=25292, stack(0x000000005eb60000,0x000000005ec60000)]
  0x000000005d176800 JavaThread "Cache worker for file hash cache (D:\trunglv\Tutone\.gradle\4.4\fileHashes)" [_thread_blocked, id=20016, stack(0x000000005f280000,0x000000005f380000)]
  0x000000005d173800 JavaThread "Stdin handler" [_thread_blocked, id=9424, stack(0x000000005b140000,0x000000005b240000)]
  0x000000005d172000 JavaThread "Asynchronous log dispatcher for DefaultDaemonConnection: socket connection from /127.0.0.1:58330 to /127.0.0.1:48758" [_thread_blocked, id=18296, stack(0x000000005aa00000,0x000000005ab00000)]
  0x000000005d172800 JavaThread "Daemon worker Thread 4" [_thread_blocked, id=12456, stack(0x0000000059e40000,0x0000000059f40000)]
  0x000000005d171000 JavaThread "Cancel handler" [_thread_blocked, id=41780, stack(0x000000005a390000,0x000000005a490000)]
  0x000000005d16f800 JavaThread "Handler for socket connection from /127.0.0.1:58330 to /127.0.0.1:48758" [_thread_in_native, id=16024, stack(0x000000005a160000,0x000000005a260000)]
  0x000000005b806000 JavaThread "Daemon Thread 4" [_thread_blocked, id=17620, stack(0x000000005a050000,0x000000005a150000)]
  0x000000005b804800 JavaThread "RMI TCP Connection(16)-127.0.0.1" daemon [_thread_in_native, id=6096, stack(0x000000005a830000,0x000000005a930000)]
  0x000000005d69a800 JavaThread "RMI Reaper" [_thread_blocked, id=15856, stack(0x0000000064120000,0x0000000064220000)]
  0x000000005d699800 JavaThread "RMI TCP Accept-0" daemon [_thread_in_native, id=23776, stack(0x0000000063ee0000,0x0000000063fe0000)]
  0x000000005d699000 JavaThread "GC Daemon" daemon [_thread_blocked, id=46260, stack(0x0000000063460000,0x0000000063560000)]
  0x000000005c588800 JavaThread "RMI Scheduler(0)" daemon [_thread_blocked, id=4440, stack(0x00000000630e0000,0x00000000631e0000)]
  0x000000005c491800 JavaThread "Memory manager" [_thread_blocked, id=35700, stack(0x00000000602c0000,0x00000000603c0000)]
  0x00000000585b4800 JavaThread "File lock request listener" [_thread_in_native, id=45224, stack(0x000000005b020000,0x000000005b120000)]
  0x0000000057385000 JavaThread "Cache worker for file hash cache (C:\Users\Admin\.gradle\caches\4.4\fileHashes)" [_thread_blocked, id=22028, stack(0x000000005ae40000,0x000000005af40000)]
  0x00000000586c9000 JavaThread "Daemon periodic checks" [_thread_blocked, id=39256, stack(0x0000000059f40000,0x000000005a040000)]
  0x0000000058711800 JavaThread "Incoming local TCP Connector on port 58330" [_thread_in_native, id=19276, stack(0x0000000059d40000,0x0000000059e40000)]
  0x000000005739e000 JavaThread "Service Thread" daemon [_thread_blocked, id=43164, stack(0x0000000057f00000,0x0000000058000000)]
  0x0000000056067000 JavaThread "C1 CompilerThread2" daemon [_thread_blocked, id=41964, stack(0x0000000057d80000,0x0000000057e80000)]
=>0x0000000056066000 JavaThread "C2 CompilerThread1" daemon [_thread_in_native, id=35580, stack(0x0000000057b20000,0x0000000057c20000)]
  0x0000000057335000 JavaThread "C2 CompilerThread0" daemon [_thread_in_native, id=1044, stack(0x0000000057130000,0x0000000057230000)]
  0x0000000057331800 JavaThread "Attach Listener" daemon [_thread_blocked, id=16656, stack(0x00000000579b0000,0x0000000057ab0000)]
  0x0000000057330800 JavaThread "Signal Dispatcher" daemon [_thread_blocked, id=46820, stack(0x00000000577a0000,0x00000000578a0000)]
  0x000000005604b800 JavaThread "Finalizer" daemon [_thread_blocked, id=16064, stack(0x0000000057230000,0x0000000057330000)]
  0x0000000056004800 JavaThread "Reference Handler" daemon [_thread_blocked, id=7684, stack(0x0000000056f10000,0x0000000057010000)]
  0x0000000001e9e800 JavaThread "main" [_thread_blocked, id=10652, stack(0x00000000020f0000,0x00000000021f0000)]

Other Threads:
  0x0000000055ffd800 VMThread [stack: 0x0000000057020000,0x0000000057120000] [id=10404]
  0x00000000573a7000 WatcherThread [stack: 0x00000000580f0000,0x00000000581f0000] [id=1492]

VM state:not at safepoint (normal execution)

VM Mutex/Monitor currently owned by a thread: None

Heap:
 PSYoungGen      total 405504K, used 135380K [0x00000000e0000000, 0x00000000fd880000, 0x0000000100000000)
  eden space 375296K, 34% used [0x00000000e0000000,0x00000000e7f0df68,0x00000000f6e80000)
  from space 30208K, 17% used [0x00000000f6e80000,0x00000000f73a7350,0x00000000f8c00000)
  to   space 29696K, 0% used [0x00000000fbb80000,0x00000000fbb80000,0x00000000fd880000)
 ParOldGen       total 111616K, used 78679K [0x00000000a0000000, 0x00000000a6d00000, 0x00000000e0000000)
  object space 111616K, 70% used [0x00000000a0000000,0x00000000a4cd5d10,0x00000000a6d00000)
 Metaspace       used 90228K, capacity 95873K, committed 96128K, reserved 1132544K
  class space    used 12059K, capacity 13392K, committed 13440K, reserved 1048576K

Card table byte_map: [0x0000000011880000,0x0000000011b90000] byte_map_base: 0x0000000011380000

Marking Bits: (ParMarkBitMap*) 0x0000000067993950
 Begin Bits: [0x0000000012370000, 0x0000000013b70000)
 End Bits:   [0x0000000013b70000, 0x0000000015370000)

Polling page: 0x00000000000a0000

CodeCache: size=245760Kb used=43338Kb max_used=43341Kb free=202421Kb
 bounds [0x00000000024c0000, 0x0000000004f60000, 0x00000000114c0000]
 total_blobs=13905 nmethods=13015 adapters=803
 compilation: enabled

Compilation events (10 events):
Event: 1170.692 Thread 0x0000000056067000 nmethod 16202 0x0000000004f45890 code [0x0000000004f45a20, 0x0000000004f45f98]
Event: 1170.722 Thread 0x0000000056066000 16203       4       org.gradle.internal.typeconversion.NotationParserBuilder::create (102 bytes)
Event: 1170.748 Thread 0x0000000056066000 nmethod 16203 0x0000000004f48990 code [0x0000000004f48b40, 0x0000000004f49178]
Event: 1170.748 Thread 0x0000000056066000 16204       4       org.gradle.internal.typeconversion.NotationParserBuilder::wrapInErrorHandling (43 bytes)
Event: 1170.752 Thread 0x0000000056066000 nmethod 16204 0x0000000004f43f90 code [0x0000000004f440e0, 0x0000000004f44258]
Event: 1170.781 Thread 0x0000000056066000 16205       4       org.gradle.api.internal.file.AbstractFileResolver::resolve (9 bytes)
Event: 1170.928 Thread 0x0000000056066000 nmethod 16205 0x0000000004f4c850 code [0x0000000004f4cb40, 0x0000000004f4e460]
Event: 1170.980 Thread 0x0000000056067000 16206       3       org.gradle.api.internal.file.AbstractFileCollection::getSingleFile (99 bytes)
Event: 1170.985 Thread 0x0000000056067000 nmethod 16206 0x0000000004f51350 code [0x0000000004f51720, 0x0000000004f53998]
Event: 1171.166 Thread 0x0000000056066000 16207       4       com.google.gson.stream.JsonReader::doPeek (744 bytes)

GC Heap History (10 events):
Event: 82.268 GC heap before
{Heap before GC invocations=17 (full 3):
 PSYoungGen      total 252928K, used 252919K [0x00000000e0000000, 0x00000000f6380000, 0x0000000100000000)
  eden space 230912K, 100% used [0x00000000e0000000,0x00000000ee180000,0x00000000ee180000)
  from space 22016K, 99% used [0x00000000ee180000,0x00000000ef6fdd88,0x00000000ef700000)
  to   space 26624K, 0% used [0x00000000f4980000,0x00000000f4980000,0x00000000f6380000)
 ParOldGen       total 77824K, used 44675K [0x00000000a0000000, 0x00000000a4c00000, 0x00000000e0000000)
  object space 77824K, 57% used [0x00000000a0000000,0x00000000a2ba0fe0,0x00000000a4c00000)
 Metaspace       used 68538K, capacity 71423K, committed 71552K, reserved 1110016K
  class space    used 9254K, capacity 10025K, committed 10112K, reserved 1048576K
Event: 82.417 GC heap after
Heap after GC invocations=17 (full 3):
 PSYoungGen      total 320000K, used 13414K [0x00000000e0000000, 0x00000000f5a80000, 0x0000000100000000)
  eden space 302592K, 0% used [0x00000000e0000000,0x00000000e0000000,0x00000000f2780000)
  from space 17408K, 77% used [0x00000000f4980000,0x00000000f5699a20,0x00000000f5a80000)
  to   space 26112K, 0% used [0x00000000f2780000,0x00000000f2780000,0x00000000f4100000)
 ParOldGen       total 77824K, used 64681K [0x00000000a0000000, 0x00000000a4c00000, 0x00000000e0000000)
  object space 77824K, 83% used [0x00000000a0000000,0x00000000a3f2a530,0x00000000a4c00000)
 Metaspace       used 68538K, capacity 71423K, committed 71552K, reserved 1110016K
  class space    used 9254K, capacity 10025K, committed 10112K, reserved 1048576K
}
Event: 82.418 GC heap before
{Heap before GC invocations=18 (full 4):
 PSYoungGen      total 320000K, used 13414K [0x00000000e0000000, 0x00000000f5a80000, 0x0000000100000000)
  eden space 302592K, 0% used [0x00000000e0000000,0x00000000e0000000,0x00000000f2780000)
  from space 17408K, 77% used [0x00000000f4980000,0x00000000f5699a20,0x00000000f5a80000)
  to   space 26112K, 0% used [0x00000000f2780000,0x00000000f2780000,0x00000000f4100000)
 ParOldGen       total 77824K, used 64681K [0x00000000a0000000, 0x00000000a4c00000, 0x00000000e0000000)
  object space 77824K, 83% used [0x00000000a0000000,0x00000000a3f2a530,0x00000000a4c00000)
 Metaspace       used 68538K, capacity 71423K, committed 71552K, reserved 1110016K
  class space    used 9254K, capacity 10025K, committed 10112K, reserved 1048576K
Event: 83.138 GC heap after
Heap after GC invocations=18 (full 4):
 PSYoungGen      total 320000K, used 0K [0x00000000e0000000, 0x00000000f5a80000, 0x0000000100000000)
  eden space 302592K, 0% used [0x00000000e0000000,0x00000000e0000000,0x00000000f2780000)
  from space 17408K, 0% used [0x00000000f4980000,0x00000000f4980000,0x00000000f5a80000)
  to   space 26112K, 0% used [0x00000000f2780000,0x00000000f2780000,0x00000000f4100000)
 ParOldGen       total 111616K, used 62032K [0x00000000a0000000, 0x00000000a6d00000, 0x00000000e0000000)
  object space 111616K, 55% used [0x00000000a0000000,0x00000000a3c940d8,0x00000000a6d00000)
 Metaspace       used 68538K, capacity 71423K, committed 71552K, reserved 1110016K
  class space    used 9254K, capacity 10025K, committed 10112K, reserved 1048576K
}
Event: 431.379 GC heap before
{Heap before GC invocations=19 (full 4):
 PSYoungGen      total 320000K, used 302592K [0x00000000e0000000, 0x00000000f5a80000, 0x0000000100000000)
  eden space 302592K, 100% used [0x00000000e0000000,0x00000000f2780000,0x00000000f2780000)
  from space 17408K, 0% used [0x00000000f4980000,0x00000000f4980000,0x00000000f5a80000)
  to   space 26112K, 0% used [0x00000000f2780000,0x00000000f2780000,0x00000000f4100000)
 ParOldGen       total 111616K, used 62032K [0x00000000a0000000, 0x00000000a6d00000, 0x00000000e0000000)
  object space 111616K, 55% used [0x00000000a0000000,0x00000000a3c940d8,0x00000000a6d00000)
 Metaspace       used 72390K, capacity 75909K, committed 76160K, reserved 1114112K
  class space    used 9680K, capacity 10568K, committed 10624K, reserved 1048576K
Event: 431.418 GC heap after
Heap after GC invocations=19 (full 4):
 PSYoungGen      total 328704K, used 10256K [0x00000000e0000000, 0x00000000fa980000, 0x0000000100000000)
  eden space 302592K, 0% used [0x00000000e0000000,0x00000000e0000000,0x00000000f2780000)
  from space 26112K, 39% used [0x00000000f2780000,0x00000000f3184320,0x00000000f4100000)
  to   space 24576K, 0% used [0x00000000f9180000,0x00000000f9180000,0x00000000fa980000)
 ParOldGen       total 111616K, used 62040K [0x00000000a0000000, 0x00000000a6d00000, 0x00000000e0000000)
  object space 111616K, 55% used [0x00000000a0000000,0x00000000a3c960d8,0x00000000a6d00000)
 Metaspace       used 72390K, capacity 75909K, committed 76160K, reserved 1114112K
  class space    used 9680K, capacity 10568K, committed 10624K, reserved 1048576K
}
Event: 490.114 GC heap before
{Heap before GC invocations=20 (full 4):
 PSYoungGen      total 328704K, used 312848K [0x00000000e0000000, 0x00000000fa980000, 0x0000000100000000)
  eden space 302592K, 100% used [0x00000000e0000000,0x00000000f2780000,0x00000000f2780000)
  from space 26112K, 39% used [0x00000000f2780000,0x00000000f3184320,0x00000000f4100000)
  to   space 24576K, 0% used [0x00000000f9180000,0x00000000f9180000,0x00000000fa980000)
 ParOldGen       total 111616K, used 62040K [0x00000000a0000000, 0x00000000a6d00000, 0x00000000e0000000)
  object space 111616K, 55% used [0x00000000a0000000,0x00000000a3c960d8,0x00000000a6d00000)
 Metaspace       used 88117K, capacity 93065K, committed 93184K, reserved 1130496K
  class space    used 11842K, capacity 13048K, committed 13056K, reserved 1048576K
Event: 490.208 GC heap after
Heap after GC invocations=20 (full 4):
 PSYoungGen      total 399360K, used 24554K [0x00000000e0000000, 0x00000000fa980000, 0x0000000100000000)
  eden space 374784K, 0% used [0x00000000e0000000,0x00000000e0000000,0x00000000f6e00000)
  from space 24576K, 99% used [0x00000000f9180000,0x00000000fa97a9e8,0x00000000fa980000)
  to   space 30208K, 0% used [0x00000000f6e80000,0x00000000f6e80000,0x00000000f8c00000)
 ParOldGen       total 111616K, used 66931K [0x00000000a0000000, 0x00000000a6d00000, 0x00000000e0000000)
  object space 111616K, 59% used [0x00000000a0000000,0x00000000a415cc40,0x00000000a6d00000)
 Metaspace       used 88117K, capacity 93065K, committed 93184K, reserved 1130496K
  class space    used 11842K, capacity 13048K, committed 13056K, reserved 1048576K
}
Event: 1138.411 GC heap before
{Heap before GC invocations=21 (full 4):
 PSYoungGen      total 399360K, used 399338K [0x00000000e0000000, 0x00000000fa980000, 0x0000000100000000)
  eden space 374784K, 100% used [0x00000000e0000000,0x00000000f6e00000,0x00000000f6e00000)
  from space 24576K, 99% used [0x00000000f9180000,0x00000000fa97a9e8,0x00000000fa980000)
  to   space 30208K, 0% used [0x00000000f6e80000,0x00000000f6e80000,0x00000000f8c00000)
 ParOldGen       total 111616K, used 66931K [0x00000000a0000000, 0x00000000a6d00000, 0x00000000e0000000)
  object space 111616K, 59% used [0x00000000a0000000,0x00000000a415cc40,0x00000000a6d00000)
 Metaspace       used 90022K, capacity 95465K, committed 95616K, reserved 1132544K
  class space    used 12039K, capacity 13356K, committed 13440K, reserved 1048576K
Event: 1138.708 GC heap after
Heap after GC invocations=21 (full 4):
 PSYoungGen      total 405504K, used 5276K [0x00000000e0000000, 0x00000000fd880000, 0x0000000100000000)
  eden space 375296K, 0% used [0x00000000e0000000,0x00000000e0000000,0x00000000f6e80000)
  from space 30208K, 17% used [0x00000000f6e80000,0x00000000f73a7350,0x00000000f8c00000)
  to   space 29696K, 0% used [0x00000000fbb80000,0x00000000fbb80000,0x00000000fd880000)
 ParOldGen       total 111616K, used 78679K [0x00000000a0000000, 0x00000000a6d00000, 0x00000000e0000000)
  object space 111616K, 70% used [0x00000000a0000000,0x00000000a4cd5d10,0x00000000a6d00000)
 Metaspace       used 90022K, capacity 95465K, committed 95616K, reserved 1132544K
  class space    used 12039K, capacity 13356K, committed 13440K, reserved 1048576K
}

Deoptimization events (10 events):
Event: 786.078 Thread 0x000000005d698000 Uncommon trap: reason=class_check action=maybe_recompile pc=0x00000000040ca9fc method=com.google.common.collect.Iterables.castOrCopyToCollection(Ljava/lang/Iterable;)Ljava/util/Collection; @ 1
Event: 791.720 Thread 0x000000005d698000 Uncommon trap: reason=array_check action=maybe_recompile pc=0x0000000004de25ec method=java.util.TimSort.reverseRange([Ljava/lang/Object;II)V @ 20
Event: 1139.150 Thread 0x000000005d172800 Uncommon trap: reason=null_check action=make_not_entrant pc=0x0000000004c12090 method=java.lang.Class.isEnum()Z @ 1
Event: 1145.547 Thread 0x000000005c585000 Uncommon trap: reason=array_check action=maybe_recompile pc=0x0000000004de25ec method=java.util.TimSort.reverseRange([Ljava/lang/Object;II)V @ 20
Event: 1145.699 Thread 0x000000005c585000 Uncommon trap: reason=array_check action=maybe_recompile pc=0x0000000004de25ec method=java.util.TimSort.reverseRange([Ljava/lang/Object;II)V @ 20
Event: 1146.563 Thread 0x000000005d698000 Uncommon trap: reason=array_check action=maybe_recompile pc=0x0000000004de25ec method=java.util.TimSort.reverseRange([Ljava/lang/Object;II)V @ 20
Event: 1146.566 Thread 0x000000005d698000 Uncommon trap: reason=class_check action=maybe_recompile pc=0x0000000003df4b34 method=com.google.common.collect.Sets$1.contains(Ljava/lang/Object;)Z @ 18
Event: 1146.934 Thread 0x000000005d698000 Uncommon trap: reason=bimorphic action=maybe_recompile pc=0x00000000045d9cac method=org.gradle.api.internal.file.collections.jdk7.Jdk7DirectoryWalker$1.visitFile(Ljava/nio/file/Path;Ljava/nio/file/attribute/BasicFileAttributes;)Ljava/nio/file/FileVisitRes
Event: 1170.570 Thread 0x000000005d698000 Uncommon trap: reason=array_check action=maybe_recompile pc=0x0000000004f39bfc method=java.util.TimSort.reverseRange([Ljava/lang/Object;II)V @ 27
Event: 1170.651 Thread 0x000000005d698000 Uncommon trap: reason=array_check action=maybe_recompile pc=0x0000000004f39bfc method=java.util.TimSort.reverseRange([Ljava/lang/Object;II)V @ 27

Classes redefined (0 events):
No events

Internal exceptions (10 events):
Event: 785.483 Thread 0x000000005d171000 Exception <a 'sun/nio/fs/WindowsException'> (0x00000000f29aac38) thrown at [D:\src\AOSP-openjdk-cygwin\jdk8u\hotspot\src\share\vm\prims\jni.cpp, line 709]
Event: 785.498 Thread 0x000000005d172800 Exception <a 'sun/nio/fs/WindowsException'> (0x00000000f2a887a8) thrown at [D:\src\AOSP-openjdk-cygwin\jdk8u\hotspot\src\share\vm\prims\jni.cpp, line 709]
Event: 785.872 Thread 0x000000005d173800 Exception <a 'sun/nio/fs/WindowsException'> (0x00000000f2f1bbf8) thrown at [D:\src\AOSP-openjdk-cygwin\jdk8u\hotspot\src\share\vm\prims\jni.cpp, line 709]
Event: 785.999 Thread 0x000000005d172000 Exception <a 'sun/nio/fs/WindowsException'> (0x00000000f31a95d0) thrown at [D:\src\AOSP-openjdk-cygwin\jdk8u\hotspot\src\share\vm\prims\jni.cpp, line 709]
Event: 1136.696 Thread 0x000000005d172800 Exception <a 'java/lang/ClassNotFoundException': sync_local_repo1932_x4tmfk2j3x9bjd3xxw51q2jbBeanInfo> (0x00000000f454d830) thrown at [D:\src\AOSP-openjdk-cygwin\jdk8u\hotspot\src\share\vm\classfile\systemDictionary.cpp, line 210]
Event: 1136.699 Thread 0x000000005d172800 Exception <a 'java/lang/ClassNotFoundException': sync_local_repo1932_x4tmfk2j3x9bjd3xxw51q2jbCustomizer> (0x00000000f4558ba0) thrown at [D:\src\AOSP-openjdk-cygwin\jdk8u\hotspot\src\share\vm\classfile\systemDictionary.cpp, line 210]
Event: 1138.809 Thread 0x000000005d172800 Exception <a 'sun/nio/fs/WindowsException'> (0x00000000e032b910) thrown at [D:\src\AOSP-openjdk-cygwin\jdk8u\hotspot\src\share\vm\prims\jni.cpp, line 709]
Event: 1148.346 Thread 0x000000005d69c800 Exception <a 'java/lang/InterruptedException'> (0x00000000e5300828) thrown at [D:\src\AOSP-openjdk-cygwin\jdk8u\hotspot\src\share\vm\runtime\objectMonitor.cpp, line 1684]
Event: 1152.365 Thread 0x000000005b803000 Exception <a 'java/lang/InterruptedException'> (0x00000000e6162b38) thrown at [D:\src\AOSP-openjdk-cygwin\jdk8u\hotspot\src\share\vm\runtime\objectMonitor.cpp, line 1684]
Event: 1167.259 Thread 0x000000005d69f000 Exception <a 'java/lang/InterruptedException'> (0x00000000e6e13b48) thrown at [D:\src\AOSP-openjdk-cygwin\jdk8u\hotspot\src\share\vm\runtime\objectMonitor.cpp, line 1684]

Events (10 events):
Event: 1167.306 Executing VM operation: RevokeBias
Event: 1167.306 Executing VM operation: RevokeBias done
Event: 1167.366 Executing VM operation: RevokeBias
Event: 1167.367 Executing VM operation: RevokeBias done
Event: 1170.570 Thread 0x000000005d698000 Uncommon trap: trap_request=0xffffffd6 fr.pc=0x0000000004f39bfc
Event: 1170.570 Thread 0x000000005d698000 DEOPT PACKING pc=0x0000000004f39bfc sp=0x0000000063e4e210
Event: 1170.570 Thread 0x000000005d698000 DEOPT UNPACKING pc=0x000000000250556a sp=0x0000000063e4e0e0 mode 2
Event: 1170.651 Thread 0x000000005d698000 Uncommon trap: trap_request=0xffffffd6 fr.pc=0x0000000004f39bfc
Event: 1170.651 Thread 0x000000005d698000 DEOPT PACKING pc=0x0000000004f39bfc sp=0x0000000063e4e210
Event: 1170.651 Thread 0x000000005d698000 DEOPT UNPACKING pc=0x000000000250556a sp=0x0000000063e4e0e0 mode 2


Dynamic libraries:
0x000000013f9b0000 - 0x000000013f9e1000 	C:\Program Files\Android\Android Studio\jre\bin\java.exe
0x0000000077140000 - 0x00000000772e9000 	C:\Windows\SYSTEM32\ntdll.dll
0x0000000076f20000 - 0x000000007703f000 	C:\Windows\system32\kernel32.dll
0x000007fefd3f0000 - 0x000007fefd45b000 	C:\Windows\system32\KERNELBASE.dll
0x000007fefd540000 - 0x000007fefd61b000 	C:\Windows\system32\ADVAPI32.dll
0x000007feff1d0000 - 0x000007feff26f000 	C:\Windows\system32\msvcrt.dll
0x000007feff1b0000 - 0x000007feff1cf000 	C:\Windows\SYSTEM32\sechost.dll
0x000007fefd790000 - 0x000007fefd8bd000 	C:\Windows\system32\RPCRT4.dll
0x0000000077040000 - 0x000000007713a000 	C:\Windows\system32\USER32.dll
0x000007fefeee0000 - 0x000007fefef47000 	C:\Windows\system32\GDI32.dll
0x000007fefe9c0000 - 0x000007fefe9ce000 	C:\Windows\system32\LPK.dll
0x000007fefd6c0000 - 0x000007fefd789000 	C:\Windows\system32\USP10.dll
0x000007fefbb10000 - 0x000007fefbd04000 	C:\Windows\WinSxS\amd64_microsoft.windows.common-controls_6595b64144ccf1df_6.0.7601.17514_none_fa396087175ac9ac\COMCTL32.dll
0x000007feff0d0000 - 0x000007feff141000 	C:\Windows\system32\SHLWAPI.dll
0x000007fefe990000 - 0x000007fefe9be000 	C:\Windows\system32\IMM32.DLL
0x000007fefe650000 - 0x000007fefe759000 	C:\Windows\system32\MSCTF.dll
0x0000000071d10000 - 0x0000000071de2000 	C:\Program Files\Android\Android Studio\jre\jre\bin\msvcr100.dll
0x00000000671d0000 - 0x0000000067a0e000 	C:\Program Files\Android\Android Studio\jre\jre\bin\server\jvm.dll
0x000007fefa870000 - 0x000007fefa879000 	C:\Windows\system32\WSOCK32.dll
0x000007fefe9d0000 - 0x000007fefea1d000 	C:\Windows\system32\WS2_32.dll
0x000007fefeb50000 - 0x000007fefeb58000 	C:\Windows\system32\NSI.dll
0x000007fef9540000 - 0x000007fef957b000 	C:\Windows\system32\WINMM.dll
0x000007fefc1d0000 - 0x000007fefc1dc000 	C:\Windows\system32\VERSION.dll
0x0000000077300000 - 0x0000000077307000 	C:\Windows\system32\PSAPI.DLL
0x000007fefa4c0000 - 0x000007fefa4cf000 	C:\Program Files\Android\Android Studio\jre\jre\bin\verify.dll
0x000007fefa460000 - 0x000007fefa489000 	C:\Program Files\Android\Android Studio\jre\jre\bin\java.dll
0x000007fefa4a0000 - 0x000007fefa4b6000 	C:\Program Files\Android\Android Studio\jre\jre\bin\zip.dll
0x000007fefd8c0000 - 0x000007fefe648000 	C:\Windows\system32\SHELL32.dll
0x000007fefe780000 - 0x000007fefe983000 	C:\Windows\system32\ole32.dll
0x000007fefd090000 - 0x000007fefd09f000 	C:\Windows\system32\profapi.dll
0x000007fefa440000 - 0x000007fefa45a000 	C:\Program Files\Android\Android Studio\jre\jre\bin\net.dll
0x000007fefc8c0000 - 0x000007fefc915000 	C:\Windows\system32\mswsock.dll
0x000007fefc8b0000 - 0x000007fefc8b7000 	C:\Windows\System32\wship6.dll
0x000007fefa420000 - 0x000007fefa431000 	C:\Program Files\Android\Android Studio\jre\jre\bin\nio.dll
0x000007fef4d90000 - 0x000007fef4dae000 	C:\Users\Admin\.gradle\native\25\windows-amd64\native-platform.dll
0x000007fefa490000 - 0x000007fefa49d000 	C:\Program Files\Android\Android Studio\jre\jre\bin\management.dll
0x000007fefc920000 - 0x000007fefc937000 	C:\Windows\system32\CRYPTSP.dll
0x000007fefc620000 - 0x000007fefc667000 	C:\Windows\system32\rsaenh.dll
0x000007fefc3d0000 - 0x000007fefc3ee000 	C:\Windows\system32\USERENV.dll
0x000007fefcfc0000 - 0x000007fefcfcf000 	C:\Windows\system32\CRYPTBASE.dll
0x000007fefa9c0000 - 0x000007fefa9e7000 	C:\Windows\system32\IPHLPAPI.DLL
0x000007fefa880000 - 0x000007fefa88b000 	C:\Windows\system32\WINNSI.DLL
0x000007fef9340000 - 0x000007fef9351000 	C:\Windows\system32\dhcpcsvc6.DLL
0x000007fef9320000 - 0x000007fef9338000 	C:\Windows\system32\dhcpcsvc.DLL
0x000007fefcf20000 - 0x000007fefcf77000 	C:\Windows\system32\apphelp.dll
0x000007fef4b70000 - 0x000007fef4b8e000 	C:\Users\Admin\AppData\Local\Temp\native-platform451198666448424166dir\native-platform.dll
0x000007fef4b90000 - 0x000007fef4bb4000 	C:\Program Files\Android\Android Studio\jre\jre\bin\sunec.dll
0x000007fef54a0000 - 0x000007fef54ab000 	C:\Program Files\Android\Android Studio\jre\jre\bin\sunmscapi.dll
0x000007fefd200000 - 0x000007fefd367000 	C:\Windows\system32\CRYPT32.dll
0x000007fefd130000 - 0x000007fefd13f000 	C:\Windows\system32\MSASN1.dll
0x000007fefc2c0000 - 0x000007fefc2c7000 	C:\Windows\System32\wshtcpip.dll
0x000007fefc740000 - 0x000007fefc79b000 	C:\Windows\system32\DNSAPI.dll
0x000007fef2f30000 - 0x000007fef2f38000 	C:\Windows\system32\rasadhlp.dll
0x000007fef93c0000 - 0x000007fef9413000 	C:\Windows\System32\fwpuclnt.dll

VM Arguments:
jvm_args: -Xmx1536m -Dfile.encoding=windows-1252 -Duser.country=US -Duser.language=en -Duser.variant 
java_command: org.gradle.launcher.daemon.bootstrap.GradleDaemon 4.4
java_class_path (initial): C:\Users\Admin\.gradle\wrapper\dists\gradle-4.4-all\9br9xq1tocpiv8o6njlyu5op1\gradle-4.4\lib\gradle-launcher-4.4.jar
Launcher Type: SUN_STANDARD

Environment Variables:
PATH=C:\ProgramData\Oracle\Java\javapath;C:\Windows\system32;C:\Windows;C:\Windows\System32\Wbem;C:\Windows\System32\WindowsPowerShell\v1.0\;C:\Windows\system32\config\systemprofile\.dnx\bin;C:\Program Files\Microsoft DNX\Dnvm\;C:\Program Files\Microsoft SQL Server\120\Tools\Binn\;C:\Program Files\Microsoft SQL Server\130\Tools\Binn\;C:\Program Files (x86)\Windows Kits\8.1\Windows Performance Toolkit\;C:\Program Files\Intel\WiFi\bin\;C:\Program Files\Common Files\Intel\WirelessCommon\;C:\Program Files (x86)\Skype\Phone\;C:\Program Files\TortoiseHg\;C:\Program Files\Git\cmd;C:\Program Files\Git\mingw64\bin;C:\Program Files\Git\usr\bin;C:\Program Files\OpenVPN\bin;C:\Program Files\nodejs\;C:\Go\bin;C:\Users\Admin\Downloads\sdk-tools-windows-3859397\tools;C:\Program Files\Java\jdk1.8.0_151\bin;D:\Go\lib\src\github.com\revel\cmd\revel;D:\Go\lib\bin;D:\__XEP_HANG\SYSTEM\NodeJS;;C:\Program Files (x86)\Microsoft VS Code\bin;C:\Go\\bin;C:\Program Files\Intel\WiFi\bin\;C:\Program Files\Common Files\Intel\WirelessCommon\;C:\Users\Admin\AppData\Roaming\npm
USERNAME=Admin
OS=Windows_NT
PROCESSOR_IDENTIFIER=AMD64 Family 22 Model 0 Stepping 1, AuthenticAMD



---------------  S Y S T E M  ---------------

OS: Windows 7 , 64 bit Build 7601 (6.1.7601.18015)

CPU:total 4 (initial active 4) (4 cores per cpu, 1 threads per core) family 22 model 0 stepping 1, cmov, cx8, fxsr, mmx, sse, sse2, sse3, ssse3, sse4.1, sse4.2, popcnt, avx, aes, clmul, mmxext, 3dnowpref, lzcnt, sse4a, tsc, tscinvbit, tscinv, bmi1

Memory: 4k page, physical 3604744k(154056k free), swap 5700032k(4168k free)

vm_info: OpenJDK 64-Bit Server VM (25.152-b01) for windows-amd64 JRE (1.8.0_152-release-915-b01), built by "builder" with MS VC++ 10.0 (VS2010)

time: Thu Apr 19 13:52:29 2018
elapsed time: 1171 seconds (0d 0h 19m 31s)

