#
# There is insufficient memory for the Java Runtime Environment to continue.
# Native memory allocation (malloc) failed to allocate 754224 bytes for Chunk::new
# Possible reasons:
#   The system is out of physical RAM or swap space
#   In 32 bit mode, the process size limit was hit
# Possible solutions:
#   Reduce memory load on the system
#   Increase physical memory or swap space
#   Check if swap backing store is full
#   Use 64 bit Java on a 64 bit OS
#   Decrease Java heap size (-Xmx/-Xms)
#   Decrease number of Java threads
#   Decrease Java thread stack sizes (-Xss)
#   Set larger code cache with -XX:ReservedCodeCacheSize=
# This output file may be truncated or incomplete.
#
#  Out of Memory Error (allocation.cpp:390), pid=19540, tid=0x0000000000004d84
#
# JRE version: OpenJDK Runtime Environment (8.0_152-b01) (build 1.8.0_152-release-915-b01)
# Java VM: OpenJDK 64-Bit Server VM (25.152-b01 mixed mode windows-amd64 compressed oops)
# Failed to write core dump. Minidumps are not enabled by default on client versions of Windows
#

---------------  T H R E A D  ---------------

Current thread (0x0000000056007000):  JavaThread "C2 CompilerThread0" daemon [_thread_in_native, id=19844, stack(0x00000000575d0000,0x00000000576d0000)]

Stack: [0x00000000575d0000,0x00000000576d0000]
[error occurred during error reporting (printing stack bounds), id 0xc0000005]

Native frames: (J=compiled Java code, j=interpreted, Vv=VM code, C=native code)


Current CompileTask:
C2:3534715 36431       4       org.jetbrains.kotlin.com.intellij.lang.java.parser.DeclarationParser::parse (917 bytes)


---------------  P R O C E S S  ---------------

Java Threads: ( => current thread )
  0x000000005d895800 JavaThread "RMI RenewClean-[localhost:61618,org.jetbrains.kotlin.daemon.common.LoopbackNetworkInterface$ClientLoopbackSocketFactory@4cd3d1b0]" daemon [_thread_blocked, id=42412, stack(0x00000000590f0000,0x00000000591f0000)]
  0x000000005be93000 JavaThread "RMI TCP Connection(104)-127.0.0.1" daemon [_thread_in_Java, id=40664, stack(0x000000005fb20000,0x000000005fc20000)]
  0x000000005be93800 JavaThread "RMI TCP Connection(103)-127.0.0.1" daemon [_thread_in_native, id=43580, stack(0x0000000058cc0000,0x0000000058dc0000)]
  0x00000000588bd000 JavaThread "RMI RenewClean-[localhost:62150,org.jetbrains.kotlin.daemon.common.LoopbackNetworkInterface$ClientLoopbackSocketFactory@13349f53]" daemon [_thread_blocked, id=20772, stack(0x0000000061020000,0x0000000061120000)]
  0x00000000588c0800 JavaThread "RMI RenewClean-[localhost:62150,org.jetbrains.kotlin.daemon.common.LoopbackNetworkInterface$ClientLoopbackSocketFactory@430155c9]" daemon [_thread_blocked, id=41636, stack(0x0000000059740000,0x0000000059840000)]
  0x000000005d896800 JavaThread "RMI RenewClean-[localhost:62150,org.jetbrains.kotlin.daemon.common.LoopbackNetworkInterface$ClientLoopbackSocketFactory@62f38da5]" daemon [_thread_blocked, id=41632, stack(0x0000000064740000,0x0000000064840000)]
  0x000000005e2d1000 JavaThread "RMI RenewClean-[localhost:62150,org.jetbrains.kotlin.daemon.common.LoopbackNetworkInterface$ClientLoopbackSocketFactory@37f46d6f]" daemon [_thread_blocked, id=39532, stack(0x00000000615d0000,0x00000000616d0000)]
  0x000000005cf0e800 JavaThread "RMI RenewClean-[localhost:62150,org.jetbrains.kotlin.daemon.common.LoopbackNetworkInterface$ClientLoopbackSocketFactory@1026fcf3]" daemon [_thread_blocked, id=40196, stack(0x0000000064620000,0x0000000064720000)]
  0x000000005be8f000 JavaThread "RMI RenewClean-[localhost:62150,org.jetbrains.kotlin.daemon.common.LoopbackNetworkInterface$ClientLoopbackSocketFactory@4ba5533e]" daemon [_thread_blocked, id=37916, stack(0x0000000064510000,0x0000000064610000)]
  0x000000005e2d7000 JavaThread "RMI RenewClean-[localhost:62150,org.jetbrains.kotlin.daemon.common.LoopbackNetworkInterface$ClientLoopbackSocketFactory@7d2cac96]" daemon [_thread_blocked, id=34412, stack(0x000000006ac10000,0x000000006ad10000)]
  0x000000005e2d3800 JavaThread "RMI RenewClean-[localhost:62150,org.jetbrains.kotlin.daemon.common.LoopbackNetworkInterface$ClientLoopbackSocketFactory@521edacb]" daemon [_thread_in_native, id=38656, stack(0x0000000067080000,0x0000000067180000)]
  0x000000005830a000 JavaThread "RMI Scheduler(0)" daemon [_thread_blocked, id=20548, stack(0x00000000595f0000,0x00000000596f0000)]
  0x000000000014f800 JavaThread "DestroyJavaVM" [_thread_blocked, id=19528, stack(0x0000000002120000,0x0000000002220000)]
  0x00000000582f8000 JavaThread "GC Daemon" daemon [_thread_blocked, id=20524, stack(0x0000000058df0000,0x0000000058ef0000)]
  0x00000000582d5000 JavaThread "RMI Reaper" [_thread_blocked, id=20520, stack(0x0000000058ef0000,0x0000000058ff0000)]
  0x0000000058195000 JavaThread "Timer-0" daemon [_thread_blocked, id=20500, stack(0x0000000058b20000,0x0000000058c20000)]
  0x0000000058192800 JavaThread "RMI TCP Accept-17582" daemon [_thread_in_native, id=20496, stack(0x0000000057e80000,0x0000000057f80000)]
  0x000000005774a800 JavaThread "Service Thread" daemon [_thread_blocked, id=18584, stack(0x0000000057d70000,0x0000000057e70000)]
  0x00000000576d1000 JavaThread "C1 CompilerThread2" daemon [_thread_blocked, id=19520, stack(0x0000000057b20000,0x0000000057c20000)]
  0x000000005600f000 JavaThread "C2 CompilerThread1" daemon [_thread_in_vm, id=19500, stack(0x00000000574c0000,0x00000000575c0000)]
=>0x0000000056007000 JavaThread "C2 CompilerThread0" daemon [_thread_in_native, id=19844, stack(0x00000000575d0000,0x00000000576d0000)]
  0x0000000056003000 JavaThread "Attach Listener" daemon [_thread_blocked, id=19840, stack(0x0000000057350000,0x0000000057450000)]
  0x0000000056002000 JavaThread "Signal Dispatcher" daemon [_thread_blocked, id=19544, stack(0x0000000056f30000,0x0000000057030000)]
  0x0000000055fe9000 JavaThread "Finalizer" daemon [_thread_blocked, id=19524, stack(0x0000000057220000,0x0000000057320000)]
  0x0000000055fa2000 JavaThread "Reference Handler" daemon [_thread_blocked, id=19852, stack(0x00000000570c0000,0x00000000571c0000)]

Other Threads:
  0x0000000055f9a000 VMThread [stack: 0x0000000056e20000,0x0000000056f20000] [id=19908]
  0x00000000576fa000 WatcherThread [stack: 0x0000000057ff0000,0x00000000580f0000] [id=18580]

VM state:not at safepoint (normal execution)

VM Mutex/Monitor currently owned by a thread: None

Heap:
 PSYoungGen      total 394240K, used 53492K [0x00000000e0000000, 0x00000000ffb00000, 0x0000000100000000)
  eden space 271872K, 9% used [0x00000000e0000000,0x00000000e1992770,0x00000000f0980000)
  from space 122368K, 22% used [0x00000000f0980000,0x00000000f242ab58,0x00000000f8100000)
  to   space 121344K, 0% used [0x00000000f8480000,0x00000000f8480000,0x00000000ffb00000)
 ParOldGen       total 670720K, used 501232K [0x00000000a0000000, 0x00000000c8f00000, 0x00000000e0000000)
  object space 670720K, 74% used [0x00000000a0000000,0x00000000be97c230,0x00000000c8f00000)
 Metaspace       used 175038K, capacity 181951K, committed 195456K, reserved 1216512K
  class space    used 21519K, capacity 23261K, committed 27520K, reserved 1048576K

Card table byte_map: [0x00000000118b0000,0x0000000011bc0000] byte_map_base: 0x00000000113b0000

Marking Bits: (ParMarkBitMap*) 0x00000000715f3950
 Begin Bits: [0x0000000012310000, 0x0000000013b10000)
 End Bits:   [0x0000000013b10000, 0x0000000015310000)

Polling page: 0x0000000000110000

CodeCache: size=245760Kb used=85056Kb max_used=87152Kb free=160703Kb
 bounds [0x00000000024f0000, 0x0000000007a90000, 0x00000000114f0000]
 total_blobs=24105 nmethods=23499 adapters=516
 compilation: enabled

Compilation events (10 events):
Event: 3534.046 Thread 0x00000000576d1000 36436       3       org.jetbrains.kotlin.psi.KtClassOrObject::hasExplicitPrimaryConstructor (13 bytes)
Event: 3534.048 Thread 0x00000000576d1000 nmethod 36436 0x0000000006e63d10 code [0x0000000006e63e80, 0x0000000006e642a8]
Event: 3534.053 Thread 0x00000000576d1000 36437       1       org.jetbrains.kotlin.resolve.lazy.descriptors.LazyClassDescriptor::isActual (5 bytes)
Event: 3534.054 Thread 0x00000000576d1000 nmethod 36437 0x0000000004a6a290 code [0x0000000004a6a3e0, 0x0000000004a6a4f0]
Event: 3534.075 Thread 0x00000000576d1000 36438       3       org.jetbrains.kotlin.psi.KtSuperTypeCallEntry::getTypeReference (8 bytes)
Event: 3534.076 Thread 0x00000000576d1000 nmethod 36438 0x0000000006a9de50 code [0x0000000006a9e000, 0x0000000006a9e578]
Event: 3534.159 Thread 0x00000000576d1000 36439       3       org.jetbrains.kotlin.resolve.lazy.descriptors.LazyTypeParameterDescriptor::getContainingDeclaration (8 bytes)
Event: 3534.160 Thread 0x00000000576d1000 nmethod 36439 0x0000000006abf910 code [0x0000000006abfa80, 0x0000000006abfcd0]
Event: 3534.176 Thread 0x00000000576d1000 36440       3       org.jetbrains.kotlin.resolve.FunctionDescriptorResolver::initializeFunctionReturnTypeBasedOnFunctionBody (175 bytes)
Event: 3534.183 Thread 0x00000000576d1000 nmethod 36440 0x000000000705b090 code [0x000000000705b520, 0x000000000705e0f8]

GC Heap History (10 events):
Event: 3144.471 GC heap before
{Heap before GC invocations=71 (full 13):
 PSYoungGen      total 395264K, used 302385K [0x00000000e0000000, 0x0000000100000000, 0x0000000100000000)
  eden space 266240K, 100% used [0x00000000e0000000,0x00000000f0400000,0x00000000f0400000)
  from space 129024K, 28% used [0x00000000f0400000,0x00000000f274c7b0,0x00000000f8200000)
  to   space 126976K, 0% used [0x00000000f8400000,0x00000000f8400000,0x0000000100000000)
 ParOldGen       total 604160K, used 505736K [0x00000000a0000000, 0x00000000c4e00000, 0x00000000e0000000)
  object space 604160K, 83% used [0x00000000a0000000,0x00000000bede21a8,0x00000000c4e00000)
 Metaspace       used 186268K, capacity 193709K, committed 196480K, reserved 1218560K
  class space    used 23121K, capacity 24986K, committed 27520K, reserved 1048576K
Event: 3144.679 GC heap after
Heap after GC invocations=71 (full 13):
 PSYoungGen      total 394240K, used 82079K [0x00000000e0000000, 0x0000000100000000, 0x0000000100000000)
  eden space 267264K, 0% used [0x00000000e0000000,0x00000000e0000000,0x00000000f0500000)
  from space 126976K, 64% used [0x00000000f8400000,0x00000000fd427fc8,0x0000000100000000)
  to   space 128512K, 0% used [0x00000000f0500000,0x00000000f0500000,0x00000000f8280000)
 ParOldGen       total 604160K, used 521674K [0x00000000a0000000, 0x00000000c4e00000, 0x00000000e0000000)
  object space 604160K, 86% used [0x00000000a0000000,0x00000000bfd72ab0,0x00000000c4e00000)
 Metaspace       used 186268K, capacity 193709K, committed 196480K, reserved 1218560K
  class space    used 23121K, capacity 24986K, committed 27520K, reserved 1048576K
}
Event: 3146.595 GC heap before
{Heap before GC invocations=72 (full 13):
 PSYoungGen      total 394240K, used 349343K [0x00000000e0000000, 0x0000000100000000, 0x0000000100000000)
  eden space 267264K, 100% used [0x00000000e0000000,0x00000000f0500000,0x00000000f0500000)
  from space 126976K, 64% used [0x00000000f8400000,0x00000000fd427fc8,0x0000000100000000)
  to   space 128512K, 0% used [0x00000000f0500000,0x00000000f0500000,0x00000000f8280000)
 ParOldGen       total 604160K, used 521674K [0x00000000a0000000, 0x00000000c4e00000, 0x00000000e0000000)
  object space 604160K, 86% used [0x00000000a0000000,0x00000000bfd72ab0,0x00000000c4e00000)
 Metaspace       used 186312K, capacity 193779K, committed 196480K, reserved 1218560K
  class space    used 23122K, capacity 24987K, committed 27520K, reserved 1048576K
Event: 3146.721 GC heap after
Heap after GC invocations=72 (full 13):
 PSYoungGen      total 307200K, used 39482K [0x00000000e0000000, 0x00000000ffb80000, 0x0000000100000000)
  eden space 267264K, 0% used [0x00000000e0000000,0x00000000e0000000,0x00000000f0500000)
  from space 39936K, 98% used [0x00000000f0500000,0x00000000f2b8ea10,0x00000000f2c00000)
  to   space 125440K, 0% used [0x00000000f8100000,0x00000000f8100000,0x00000000ffb80000)
 ParOldGen       total 604160K, used 545574K [0x00000000a0000000, 0x00000000c4e00000, 0x00000000e0000000)
  object space 604160K, 90% used [0x00000000a0000000,0x00000000c14c9bf8,0x00000000c4e00000)
 Metaspace       used 186312K, capacity 193779K, committed 196480K, reserved 1218560K
  class space    used 23122K, capacity 24987K, committed 27520K, reserved 1048576K
}
Event: 3298.359 GC heap before
{Heap before GC invocations=73 (full 13):
 PSYoungGen      total 307200K, used 306746K [0x00000000e0000000, 0x00000000ffb80000, 0x0000000100000000)
  eden space 267264K, 100% used [0x00000000e0000000,0x00000000f0500000,0x00000000f0500000)
  from space 39936K, 98% used [0x00000000f0500000,0x00000000f2b8ea10,0x00000000f2c00000)
  to   space 125440K, 0% used [0x00000000f8100000,0x00000000f8100000,0x00000000ffb80000)
 ParOldGen       total 604160K, used 545574K [0x00000000a0000000, 0x00000000c4e00000, 0x00000000e0000000)
  object space 604160K, 90% used [0x00000000a0000000,0x00000000c14c9bf8,0x00000000c4e00000)
 Metaspace       used 187475K, capacity 195035K, committed 197504K, reserved 1218560K
  class space    used 23245K, capacity 25171K, committed 27520K, reserved 1048576K
Event: 3298.859 GC heap after
Heap after GC invocations=73 (full 13):
 PSYoungGen      total 397312K, used 39746K [0x00000000e0000000, 0x0000000100000000, 0x0000000100000000)
  eden space 271872K, 0% used [0x00000000e0000000,0x00000000e0000000,0x00000000f0980000)
  from space 125440K, 31% used [0x00000000f8100000,0x00000000fa7d0a40,0x00000000ffb80000)
  to   space 122368K, 0% used [0x00000000f0980000,0x00000000f0980000,0x00000000f8100000)
 ParOldGen       total 604160K, used 585062K [0x00000000a0000000, 0x00000000c4e00000, 0x00000000e0000000)
  object space 604160K, 96% used [0x00000000a0000000,0x00000000c3b59868,0x00000000c4e00000)
 Metaspace       used 187475K, capacity 195035K, committed 197504K, reserved 1218560K
  class space    used 23245K, capacity 25171K, committed 27520K, reserved 1048576K
}
Event: 3298.859 GC heap before
{Heap before GC invocations=74 (full 14):
 PSYoungGen      total 397312K, used 39746K [0x00000000e0000000, 0x0000000100000000, 0x0000000100000000)
  eden space 271872K, 0% used [0x00000000e0000000,0x00000000e0000000,0x00000000f0980000)
  from space 125440K, 31% used [0x00000000f8100000,0x00000000fa7d0a40,0x00000000ffb80000)
  to   space 122368K, 0% used [0x00000000f0980000,0x00000000f0980000,0x00000000f8100000)
 ParOldGen       total 604160K, used 585062K [0x00000000a0000000, 0x00000000c4e00000, 0x00000000e0000000)
  object space 604160K, 96% used [0x00000000a0000000,0x00000000c3b59868,0x00000000c4e00000)
 Metaspace       used 187475K, capacity 195035K, committed 197504K, reserved 1218560K
  class space    used 23245K, capacity 25171K, committed 27520K, reserved 1048576K
Event: 3303.292 GC heap after
Heap after GC invocations=74 (full 14):
 PSYoungGen      total 397312K, used 0K [0x00000000e0000000, 0x0000000100000000, 0x0000000100000000)
  eden space 271872K, 0% used [0x00000000e0000000,0x00000000e0000000,0x00000000f0980000)
  from space 125440K, 0% used [0x00000000f8100000,0x00000000f8100000,0x00000000ffb80000)
  to   space 122368K, 0% used [0x00000000f0980000,0x00000000f0980000,0x00000000f8100000)
 ParOldGen       total 670720K, used 501224K [0x00000000a0000000, 0x00000000c8f00000, 0x00000000e0000000)
  object space 670720K, 74% used [0x00000000a0000000,0x00000000be97a230,0x00000000c8f00000)
 Metaspace       used 173085K, capacity 179885K, committed 195456K, reserved 1216512K
  class space    used 21330K, capacity 23044K, committed 27520K, reserved 1048576K
}
Event: 3533.777 GC heap before
{Heap before GC invocations=75 (full 14):
 PSYoungGen      total 397312K, used 271872K [0x00000000e0000000, 0x0000000100000000, 0x0000000100000000)
  eden space 271872K, 100% used [0x00000000e0000000,0x00000000f0980000,0x00000000f0980000)
  from space 125440K, 0% used [0x00000000f8100000,0x00000000f8100000,0x00000000ffb80000)
  to   space 122368K, 0% used [0x00000000f0980000,0x00000000f0980000,0x00000000f8100000)
 ParOldGen       total 670720K, used 501224K [0x00000000a0000000, 0x00000000c8f00000, 0x00000000e0000000)
  object space 670720K, 74% used [0x00000000a0000000,0x00000000be97a230,0x00000000c8f00000)
 Metaspace       used 175037K, capacity 181951K, committed 195456K, reserved 1216512K
  class space    used 21519K, capacity 23261K, committed 27520K, reserved 1048576K
Event: 3533.902 GC heap after
Heap after GC invocations=75 (full 14):
 PSYoungGen      total 394240K, used 27306K [0x00000000e0000000, 0x00000000ffb00000, 0x0000000100000000)
  eden space 271872K, 0% used [0x00000000e0000000,0x00000000e0000000,0x00000000f0980000)
  from space 122368K, 22% used [0x00000000f0980000,0x00000000f242ab58,0x00000000f8100000)
  to   space 121344K, 0% used [0x00000000f8480000,0x00000000f8480000,0x00000000ffb00000)
 ParOldGen       total 670720K, used 501232K [0x00000000a0000000, 0x00000000c8f00000, 0x00000000e0000000)
  object space 670720K, 74% used [0x00000000a0000000,0x00000000be97c230,0x00000000c8f00000)
 Metaspace       used 175037K, capacity 181951K, committed 195456K, reserved 1216512K
  class space    used 21519K, capacity 23261K, committed 27520K, reserved 1048576K
}

Deoptimization events (10 events):
Event: 3304.073 Thread 0x000000005cf09000 Uncommon trap: reason=class_check action=maybe_recompile pc=0x0000000006686390 method=org.jetbrains.org.objectweb.asm.ClassReader.readAnnotationValue(I[CLjava/lang/String;Lorg/jetbrains/org/objectweb/asm/AnnotationVisitor;)I @ 576
Event: 3304.073 Thread 0x000000005cf09000 Uncommon trap: reason=unstable_if action=reinterpret pc=0x0000000006ddd564 method=org.jetbrains.kotlin.cli.jvm.index.JvmDependenciesIndexImpl.findClass(Lorg/jetbrains/kotlin/name/ClassId;Ljava/util/Set;Lkotlin/jvm/functions/Function2;)Ljava/lang/Object; @
Event: 3304.075 Thread 0x000000005cf09000 Uncommon trap: reason=unstable_if action=reinterpret pc=0x0000000006dcd2f4 method=org.jetbrains.kotlin.cli.jvm.index.JvmDependenciesIndexImpl.findClass(Lorg/jetbrains/kotlin/name/ClassId;Ljava/util/Set;Lkotlin/jvm/functions/Function2;)Ljava/lang/Object; @
Event: 3317.817 Thread 0x000000005cf09000 Uncommon trap: reason=class_check action=maybe_recompile pc=0x0000000007644be8 method=org.jetbrains.kotlin.resolve.QualifiedExpressionResolver.quickResolveToPackage(Lorg/jetbrains/kotlin/descriptors/ModuleDescriptor;Ljava/util/List;Lorg/jetbrains/kotlin/r
Event: 3318.234 Thread 0x000000005cf09000 Uncommon trap: reason=bimorphic action=maybe_recompile pc=0x0000000006037da4 method=org.jetbrains.kotlin.resolve.lazy.LazyImportScope$getContributedClassifier$1.invoke(Lorg/jetbrains/kotlin/resolve/scopes/ImportingScope;Lorg/jetbrains/kotlin/name/Name;)Lo
Event: 3318.291 Thread 0x000000005cf09000 Uncommon trap: reason=class_check action=maybe_recompile pc=0x0000000007644be8 method=org.jetbrains.kotlin.resolve.QualifiedExpressionResolver.quickResolveToPackage(Lorg/jetbrains/kotlin/descriptors/ModuleDescriptor;Ljava/util/List;Lorg/jetbrains/kotlin/r
Event: 3318.595 Thread 0x000000005cf09000 Uncommon trap: reason=class_check action=maybe_recompile pc=0x0000000005ce9ed8 method=org.jetbrains.kotlin.resolve.MemberComparator.compare(Lorg/jetbrains/kotlin/descriptors/DeclarationDescriptor;Lorg/jetbrains/kotlin/descriptors/DeclarationDescriptor;)I 
Event: 3318.998 Thread 0x000000005cf09000 Uncommon trap: reason=unstable_if action=reinterpret pc=0x000000000533d380 method=java.util.ArrayDeque.addFirst(Ljava/lang/Object;)V @ 45
Event: 3332.230 Thread 0x000000005cf09000 Uncommon trap: reason=null_check action=make_not_entrant pc=0x00000000041a2f98 method=java.lang.Class.reflectionData()Ljava/lang/Class$ReflectionData; @ 24
Event: 3534.021 Thread 0x000000005be93000 Uncommon trap: reason=class_check action=maybe_recompile pc=0x0000000007644be8 method=org.jetbrains.kotlin.resolve.QualifiedExpressionResolver.quickResolveToPackage(Lorg/jetbrains/kotlin/descriptors/ModuleDescriptor;Ljava/util/List;Lorg/jetbrains/kotlin/r

Classes redefined (0 events):
No events

Internal exceptions (10 events):
Event: 3513.612 Thread 0x000000005be8f000 Exception <a 'java/net/ConnectException': Connection refused: connect> (0x00000000ebaf1870) thrown at [D:\src\AOSP-openjdk-cygwin\jdk8u\hotspot\src\share\vm\prims\jni.cpp, line 735]
Event: 3514.708 Thread 0x000000005be8f000 Exception <a 'java/net/ConnectException': Connection refused: connect> (0x00000000ebaf2168) thrown at [D:\src\AOSP-openjdk-cygwin\jdk8u\hotspot\src\share\vm\prims\jni.cpp, line 735]
Event: 3515.792 Thread 0x000000005be8f000 Exception <a 'java/net/ConnectException': Connection refused: connect> (0x00000000ebaf2a60) thrown at [D:\src\AOSP-openjdk-cygwin\jdk8u\hotspot\src\share\vm\prims\jni.cpp, line 735]
Event: 3520.066 Thread 0x000000005be8f000 Exception <a 'java/net/ConnectException': Connection refused: connect> (0x00000000ebaf3758) thrown at [D:\src\AOSP-openjdk-cygwin\jdk8u\hotspot\src\share\vm\prims\jni.cpp, line 735]
Event: 3521.084 Thread 0x000000005be8f000 Exception <a 'java/net/ConnectException': Connection refused: connect> (0x00000000ebaf4050) thrown at [D:\src\AOSP-openjdk-cygwin\jdk8u\hotspot\src\share\vm\prims\jni.cpp, line 735]
Event: 3522.109 Thread 0x000000005be8f000 Exception <a 'java/net/ConnectException': Connection refused: connect> (0x00000000ebaf4948) thrown at [D:\src\AOSP-openjdk-cygwin\jdk8u\hotspot\src\share\vm\prims\jni.cpp, line 735]
Event: 3529.669 Thread 0x000000005be8f000 Exception <a 'java/net/ConnectException': Connection refused: connect> (0x00000000ebaf5640) thrown at [D:\src\AOSP-openjdk-cygwin\jdk8u\hotspot\src\share\vm\prims\jni.cpp, line 735]
Event: 3530.716 Thread 0x000000005be8f000 Exception <a 'java/net/ConnectException': Connection refused: connect> (0x00000000ebaf5f38) thrown at [D:\src\AOSP-openjdk-cygwin\jdk8u\hotspot\src\share\vm\prims\jni.cpp, line 735]
Event: 3531.752 Thread 0x000000005be8f000 Exception <a 'java/net/ConnectException': Connection refused: connect> (0x00000000ebaf6830) thrown at [D:\src\AOSP-openjdk-cygwin\jdk8u\hotspot\src\share\vm\prims\jni.cpp, line 735]
Event: 3532.361 Thread 0x000000005d895800 Exception <a 'java/lang/InterruptedException'> (0x00000000ebd1e8c0) thrown at [D:\src\AOSP-openjdk-cygwin\jdk8u\hotspot\src\share\vm\runtime\objectMonitor.cpp, line 1684]

Events (10 events):
Event: 3534.063 loading class org/jetbrains/kotlin/psi/Call done
Event: 3534.063 loading class org/jetbrains/kotlin/psi/KtAnnotationEntry
Event: 3534.063 loading class org/jetbrains/kotlin/psi/KtAnnotationEntry done
Event: 3534.063 loading class org/jetbrains/kotlin/com/intellij/psi/util/PsiTreeUtil
Event: 3534.063 loading class org/jetbrains/kotlin/com/intellij/psi/util/PsiTreeUtil done
Event: 3534.064 loading class org/jetbrains/kotlin/psi/KtModifierListOwner
Event: 3534.064 loading class org/jetbrains/kotlin/psi/KtModifierListOwner done
Event: 3534.064 loading class org/jetbrains/kotlin/resolve/descriptorUtil/DescriptorUtilsKt
Event: 3534.064 loading class org/jetbrains/kotlin/resolve/descriptorUtil/DescriptorUtilsKt done
Event: 3534.080 Thread 0x00000000576d1000 flushing nmethod 0x0000000004f2ef50


Dynamic libraries:
0x000000013fea0000 - 0x000000013fed1000 	C:\Program Files\Android\Android Studio\jre\jre\bin\java.exe
0x0000000077b00000 - 0x0000000077ca9000 	C:\Windows\SYSTEM32\ntdll.dll
0x00000000779e0000 - 0x0000000077aff000 	C:\Windows\system32\kernel32.dll
0x000007fefdc90000 - 0x000007fefdcfb000 	C:\Windows\system32\KERNELBASE.dll
0x000007fefe410000 - 0x000007fefe4eb000 	C:\Windows\system32\ADVAPI32.dll
0x000007fefecb0000 - 0x000007fefed4f000 	C:\Windows\system32\msvcrt.dll
0x000007fefe930000 - 0x000007fefe94f000 	C:\Windows\SYSTEM32\sechost.dll
0x000007feffce0000 - 0x000007feffe0d000 	C:\Windows\system32\RPCRT4.dll
0x00000000778e0000 - 0x00000000779da000 	C:\Windows\system32\USER32.dll
0x000007feffb30000 - 0x000007feffb97000 	C:\Windows\system32\GDI32.dll
0x000007fefe7a0000 - 0x000007fefe7ae000 	C:\Windows\system32\LPK.dll
0x000007fefdf00000 - 0x000007fefdfc9000 	C:\Windows\system32\USP10.dll
0x000007fefc4d0000 - 0x000007fefc6c4000 	C:\Windows\WinSxS\amd64_microsoft.windows.common-controls_6595b64144ccf1df_6.0.7601.17514_none_fa396087175ac9ac\COMCTL32.dll
0x000007fefe310000 - 0x000007fefe381000 	C:\Windows\system32\SHLWAPI.dll
0x000007fefed50000 - 0x000007fefed7e000 	C:\Windows\system32\IMM32.DLL
0x000007fefe7c0000 - 0x000007fefe8c9000 	C:\Windows\system32\MSCTF.dll
0x0000000070c70000 - 0x0000000070d42000 	C:\Program Files\Android\Android Studio\jre\jre\bin\msvcr100.dll
0x0000000070e30000 - 0x000000007166e000 	C:\Program Files\Android\Android Studio\jre\jre\bin\server\jvm.dll
0x000007fefb270000 - 0x000007fefb279000 	C:\Windows\system32\WSOCK32.dll
0x000007fefe4f0000 - 0x000007fefe53d000 	C:\Windows\system32\WS2_32.dll
0x000007fefe7b0000 - 0x000007fefe7b8000 	C:\Windows\system32\NSI.dll
0x000007fefa190000 - 0x000007fefa1cb000 	C:\Windows\system32\WINMM.dll
0x000007fefcb90000 - 0x000007fefcb9c000 	C:\Windows\system32\VERSION.dll
0x0000000077cd0000 - 0x0000000077cd7000 	C:\Windows\system32\PSAPI.DLL
0x000007fef5ac0000 - 0x000007fef5acf000 	C:\Program Files\Android\Android Studio\jre\jre\bin\verify.dll
0x000007fef1630000 - 0x000007fef1659000 	C:\Program Files\Android\Android Studio\jre\jre\bin\java.dll
0x000007fef16c0000 - 0x000007fef16d6000 	C:\Program Files\Android\Android Studio\jre\jre\bin\zip.dll
0x000007fefed80000 - 0x000007feffb08000 	C:\Windows\system32\SHELL32.dll
0x000007fefe100000 - 0x000007fefe303000 	C:\Windows\system32\ole32.dll
0x000007fefda50000 - 0x000007fefda5f000 	C:\Windows\system32\profapi.dll
0x000007fef1b50000 - 0x000007fef1b5d000 	C:\Program Files\Android\Android Studio\jre\jre\bin\management.dll
0x000007fef0420000 - 0x000007fef043a000 	C:\Program Files\Android\Android Studio\jre\jre\bin\net.dll
0x000007fefd280000 - 0x000007fefd2d5000 	C:\Windows\system32\mswsock.dll
0x000007fefd270000 - 0x000007fefd277000 	C:\Windows\System32\wship6.dll
0x000007feedb40000 - 0x000007feedb51000 	C:\Program Files\Android\Android Studio\jre\jre\bin\nio.dll
0x000007fefd2e0000 - 0x000007fefd2f7000 	C:\Windows\system32\CRYPTSP.dll
0x000007fefcfe0000 - 0x000007fefd027000 	C:\Windows\system32\rsaenh.dll
0x000007fefcda0000 - 0x000007fefcdbe000 	C:\Windows\system32\USERENV.dll
0x000007fefd980000 - 0x000007fefd98f000 	C:\Windows\system32\CRYPTBASE.dll
0x000007fefb240000 - 0x000007fefb267000 	C:\Windows\system32\IPHLPAPI.DLL
0x000007fefb230000 - 0x000007fefb23b000 	C:\Windows\system32\WINNSI.DLL
0x000007fefa4e0000 - 0x000007fefa4f1000 	C:\Windows\system32\dhcpcsvc6.DLL
0x000007fefa490000 - 0x000007fefa4a8000 	C:\Windows\system32\dhcpcsvc.DLL
0x000007feed550000 - 0x000007feed574000 	C:\Program Files\Android\Android Studio\jre\jre\bin\sunec.dll
0x000007feef5c0000 - 0x000007feef5cb000 	C:\Program Files\Android\Android Studio\jre\jre\bin\sunmscapi.dll
0x000007fefdb00000 - 0x000007fefdc67000 	C:\Windows\system32\CRYPT32.dll
0x000007fefdaf0000 - 0x000007fefdaff000 	C:\Windows\system32\MSASN1.dll
0x000007fefcc80000 - 0x000007fefcc87000 	C:\Windows\System32\wshtcpip.dll
0x000007fefd100000 - 0x000007fefd15b000 	C:\Windows\system32\DNSAPI.dll
0x000007fef38d0000 - 0x000007fef38d8000 	C:\Windows\system32\rasadhlp.dll
0x000007fefa6b0000 - 0x000007fefa703000 	C:\Windows\System32\fwpuclnt.dll

VM Arguments:
jvm_args: -Djava.awt.headless=true -Djava.rmi.server.hostname=localhost -Xmx1536m -Dkotlin.environment.keepalive 
java_command: org.jetbrains.kotlin.daemon.KotlinCompileDaemon --daemon-runFilesPath C:\Users\Admin\AppData\Local\kotlin\daemon --daemon-autoshutdownIdleSeconds=7200 --daemon-compilerClasspath C:\Users\Admin\.gradle\caches\modules-2\files-2.1\org.jetbrains.kotlin\kotlin-compiler-embeddable\1.2.30\9b3f10d4717b9ac238b287e9b6eb2b4eadd8e870\kotlin-compiler-embeddable-1.2.30.jar;C:\Users\Admin\.gradle\caches\modules-2\files-2.1\org.jetbrains.kotlin\kotlin-stdlib\1.2.30\2dfac33f8b4e92c9dd1422cd286834701a6f6d6\kotlin-stdlib-1.2.30.jar;C:\Users\Admin\.gradle\caches\modules-2\files-2.1\org.jetbrains.kotlin\kotlin-script-runtime\1.2.30\37ee7531a636e99b639f8b1544cdda27d0ee30b0\kotlin-script-runtime-1.2.30.jar;C:\Users\Admin\.gradle\caches\modules-2\files-2.1\org.jetbrains.kotlin\kotlin-reflect\1.2.30\9758025a415ee400e1f90ff222bcfec247779133\kotlin-reflect-1.2.30.jar;C:\Program Files\Android\Android Studio\jre\lib\tools.jar
java_class_path (initial): C:\Users\Admin\.gradle\caches\modules-2\files-2.1\org.jetbrains.kotlin\kotlin-compiler-embeddable\1.2.30\9b3f10d4717b9ac238b287e9b6eb2b4eadd8e870\kotlin-compiler-embeddable-1.2.30.jar;C:\Users\Admin\.gradle\caches\modules-2\files-2.1\org.jetbrains.kotlin\kotlin-stdlib\1.2.30\2dfac33f8b4e92c9dd1422cd286834701a6f6d6\kotlin-stdlib-1.2.30.jar;C:\Users\Admin\.gradle\caches\modules-2\files-2.1\org.jetbrains.kotlin\kotlin-script-runtime\1.2.30\37ee7531a636e99b639f8b1544cdda27d0ee30b0\kotlin-script-runtime-1.2.30.jar;C:\Users\Admin\.gradle\caches\modules-2\files-2.1\org.jetbrains.kotlin\kotlin-reflect\1.2.30\9758025a415ee400e1f90ff222bcfec247779133\kotlin-reflect-1.2.30.jar;C:\Program Files\Android\Android Studio\jre\lib\tools.jar
Launcher Type: SUN_STANDARD

Environment Variables:
PATH=C:\ProgramData\Oracle\Java\javapath;C:\Windows\system32;C:\Windows;C:\Windows\System32\Wbem;C:\Windows\System32\WindowsPowerShell\v1.0\;C:\Windows\system32\config\systemprofile\.dnx\bin;C:\Program Files\Microsoft DNX\Dnvm\;C:\Program Files\Microsoft SQL Server\120\Tools\Binn\;C:\Program Files\Microsoft SQL Server\130\Tools\Binn\;C:\Program Files (x86)\Windows Kits\8.1\Windows Performance Toolkit\;C:\Program Files\Intel\WiFi\bin\;C:\Program Files\Common Files\Intel\WirelessCommon\;C:\Program Files (x86)\Skype\Phone\;C:\Program Files\TortoiseHg\;C:\Program Files\Git\cmd;C:\Program Files\Git\mingw64\bin;C:\Program Files\Git\usr\bin;C:\Program Files\OpenVPN\bin;C:\Program Files\nodejs\;C:\Go\bin;C:\Users\Admin\Downloads\sdk-tools-windows-3859397\tools;C:\Program Files\Java\jdk1.8.0_151\bin;D:\Go\lib\src\github.com\revel\cmd\revel;D:\Go\lib\bin;D:\__XEP_HANG\SYSTEM\NodeJS;;C:\Program Files (x86)\Microsoft VS Code\bin;C:\Go\\bin;C:\Program Files\Intel\WiFi\bin\;C:\Program Files\Common Files\Intel\WirelessCommon\;C:\Users\Admin\AppData\Roaming\npm
USERNAME=Admin
OS=Windows_NT
PROCESSOR_IDENTIFIER=AMD64 Family 22 Model 0 Stepping 1, AuthenticAMD



---------------  S Y S T E M  ---------------

OS: Windows 7 , 64 bit Build 7601 (6.1.7601.18015)

CPU:total 4 (initial active 4) (4 cores per cpu, 1 threads per core) family 22 model 0 stepping 1, cmov, cx8, fxsr, mmx, sse, sse2, sse3, ssse3, sse4.1, sse4.2, popcnt, avx, aes, clmul, mmxext, 3dnowpref, lzcnt, sse4a, tsc, tscinvbit, tscinv, bmi1

Memory: 4k page, physical 3604744k(110020k free), swap 5700032k(4176k free)

vm_info: OpenJDK 64-Bit Server VM (25.152-b01) for windows-amd64 JRE (1.8.0_152-release-915-b01), built by "builder" with MS VC++ 10.0 (VS2010)

time: Tue Apr 17 18:13:48 2018
elapsed time: 3534 seconds (0d 0h 58m 54s)

