#
# There is insufficient memory for the Java Runtime Environment to continue.
# Native memory allocation (malloc) failed to allocate 117776 bytes for Chunk::new
# Possible reasons:
#   The system is out of physical RAM or swap space
#   In 32 bit mode, the process size limit was hit
# Possible solutions:
#   Reduce memory load on the system
#   Increase physical memory or swap space
#   Check if swap backing store is full
#   Use 64 bit Java on a 64 bit OS
#   Decrease Java heap size (-Xmx/-Xms)
#   Decrease number of Java threads
#   Decrease Java thread stack sizes (-Xss)
#   Set larger code cache with -XX:ReservedCodeCacheSize=
# This output file may be truncated or incomplete.
#
#  Out of Memory Error (allocation.cpp:390), pid=10168, tid=0x0000000000002458
#
# JRE version: OpenJDK Runtime Environment (8.0_152-b01) (build 1.8.0_152-release-915-b01)
# Java VM: OpenJDK 64-Bit Server VM (25.152-b01 mixed mode windows-amd64 compressed oops)
# Failed to write core dump. Minidumps are not enabled by default on client versions of Windows
#

---------------  T H R E A D  ---------------

Current thread (0x0000000055f0d800):  JavaThread "C2 CompilerThread1" daemon [_thread_in_native, id=9304, stack(0x0000000057900000,0x0000000057a00000)]

Stack: [0x0000000057900000,0x0000000057a00000]
[error occurred during error reporting (printing stack bounds), id 0xc0000005]

Native frames: (J=compiled Java code, j=interpreted, Vv=VM code, C=native code)


Current CompileTask:
C2:1570594 21191       4       org.gradle.api.internal.file.collections.DefaultFileCollectionResolveContext::push (14 bytes)


---------------  P R O C E S S  ---------------

Java Threads: ( => current thread )
  0x000000005d71a800 JavaThread "RMI RenewClean-[localhost:17582,org.jetbrains.kotlin.daemon.common.LoopbackNetworkInterface$ClientLoopbackSocketFactory@519a874]" daemon [_thread_blocked, id=22956, stack(0x000000005a0a0000,0x000000005a1a0000)]
  0x000000005d71a000 JavaThread "RMI TCP Connection(33)-127.0.0.1" daemon [_thread_in_native, id=30444, stack(0x00000000687d0000,0x00000000688d0000)]
  0x000000005d719000 JavaThread "RMI TCP Connection(idle)" daemon [_thread_blocked, id=30440, stack(0x0000000063be0000,0x0000000063ce0000)]
  0x000000005d959000 JavaThread "RMI TCP Connection(idle)" daemon [_thread_blocked, id=30436, stack(0x0000000067340000,0x0000000067440000)]
  0x000000005de9b000 JavaThread "RMI TCP Connection(idle)" daemon [_thread_blocked, id=30432, stack(0x0000000065a10000,0x0000000065b10000)]
  0x0000000059581000 JavaThread "RMI RenewClean-[localhost:17582,org.jetbrains.kotlin.daemon.common.LoopbackNetworkInterface$ClientLoopbackSocketFactory@321342e3]" daemon [_thread_blocked, id=30184, stack(0x00000000654e0000,0x00000000655e0000)]
  0x000000005957e800 JavaThread "RMI RenewClean-[localhost:17582,org.jetbrains.kotlin.daemon.common.LoopbackNetworkInterface$ClientLoopbackSocketFactory@5dfc6fc8]" daemon [_thread_blocked, id=30100, stack(0x00000000653e0000,0x00000000654e0000)]
  0x0000000059585000 JavaThread "Task worker for ':' Thread 3" [_thread_blocked, id=29836, stack(0x000000005ac60000,0x000000005ad60000)]
  0x0000000059580000 JavaThread "Task worker for ':' Thread 2" [_thread_blocked, id=29832, stack(0x00000000652a0000,0x00000000653a0000)]
  0x000000005de0a000 JavaThread "Task worker for ':'" [_thread_blocked, id=29828, stack(0x00000000650c0000,0x00000000651c0000)]
  0x000000005de11000 JavaThread "Cache worker for Build Output Cleanup Cache (D:\trunglv\Tutone\.gradle\buildOutputCleanup)" [_thread_blocked, id=29824, stack(0x0000000064330000,0x0000000064430000)]
  0x000000005de0e000 JavaThread "Cache worker for task history cache (D:\trunglv\Tutone\.gradle\4.4\taskHistory)" [_thread_blocked, id=29820, stack(0x0000000064020000,0x0000000064120000)]
  0x000000005de0c800 JavaThread "Cache worker for file content cache (D:\trunglv\Tutone\.gradle\4.4\fileContent)" [_thread_blocked, id=29816, stack(0x000000005f700000,0x000000005f800000)]
  0x000000005de0f800 JavaThread "build operations Thread 4" [_thread_blocked, id=29804, stack(0x0000000063ef0000,0x0000000063ff0000)]
  0x000000005de0e800 JavaThread "build operations Thread 3" [_thread_blocked, id=29800, stack(0x0000000063cf0000,0x0000000063df0000)]
  0x000000005c766000 JavaThread "build operations Thread 2" [_thread_blocked, id=29796, stack(0x000000005fa40000,0x000000005fb40000)]
  0x000000005c764800 JavaThread "build operations" [_thread_in_native, id=29792, stack(0x00000000589e0000,0x0000000058ae0000)]
  0x000000005c767800 JavaThread "Cache worker for Artifact transforms cache (C:\Users\Admin\.gradle\caches\transforms-1)" [_thread_blocked, id=29784, stack(0x000000005f810000,0x000000005f910000)]
  0x0000000059aaa000 JavaThread "Cache worker for file hash cache (D:\trunglv\Tutone\.gradle\4.4\fileHashes)" [_thread_blocked, id=29776, stack(0x000000005aa30000,0x000000005ab30000)]
  0x0000000059aa8800 JavaThread "Stdin handler" [_thread_blocked, id=29768, stack(0x000000005c140000,0x000000005c240000)]
  0x0000000059aa9800 JavaThread "Asynchronous log dispatcher for DefaultDaemonConnection: socket connection from /127.0.0.1:27165 to /127.0.0.1:11863" [_thread_blocked, id=29760, stack(0x000000005f5f0000,0x000000005f6f0000)]
  0x0000000059aa8000 JavaThread "Cancel handler" [_thread_blocked, id=29756, stack(0x000000005d2d0000,0x000000005d3d0000)]
  0x0000000059aa5000 JavaThread "Handler for socket connection from /127.0.0.1:27165 to /127.0.0.1:11863" [_thread_in_native, id=29744, stack(0x000000005a7d0000,0x000000005a8d0000)]
  0x000000005c762000 JavaThread "RMI TCP Connection(34)-127.0.0.1" daemon [_thread_in_native, id=26760, stack(0x0000000067100000,0x0000000067200000)]
  0x000000005de99000 JavaThread "RMI RenewClean-[localhost:17582,org.jetbrains.kotlin.daemon.common.LoopbackNetworkInterface$ClientLoopbackSocketFactory@4a0eadb5]" daemon [_thread_blocked, id=28900, stack(0x0000000064c50000,0x0000000064d50000)]
  0x000000005de9b800 JavaThread "RMI TCP Connection(28)-127.0.0.1" daemon [_thread_in_native, id=28652, stack(0x0000000066da0000,0x0000000066ea0000)]
  0x000000005dea0000 JavaThread "RMI RenewClean-[localhost:17582,org.jetbrains.kotlin.daemon.common.LoopbackNetworkInterface$ClientLoopbackSocketFactory@3791d6b3]" daemon [_thread_blocked, id=20720, stack(0x0000000066c80000,0x0000000066d80000)]
  0x000000005de9c800 JavaThread "RMI RenewClean-[localhost:17582,org.jetbrains.kotlin.daemon.common.LoopbackNetworkInterface$ClientLoopbackSocketFactory@4fd6d594]" daemon [_thread_blocked, id=28680, stack(0x0000000065e50000,0x0000000065f50000)]
  0x0000000059585800 JavaThread "Daemon worker Thread 6" [_thread_blocked, id=29608, stack(0x000000005a910000,0x000000005aa10000)]
  0x0000000059581800 JavaThread "Daemon Thread 6" [_thread_blocked, id=29596, stack(0x000000005a340000,0x000000005a440000)]
  0x000000005d95c000 JavaThread "RMI TCP Connection(idle)" daemon [_thread_blocked, id=26748, stack(0x000000005ab50000,0x000000005ac50000)]
  0x000000005d95b800 JavaThread "RMI Reaper" [_thread_blocked, id=20576, stack(0x0000000064d50000,0x0000000064e50000)]
  0x000000005d95a800 JavaThread "RMI TCP Accept-0" daemon [_thread_in_native, id=20572, stack(0x000000005ff80000,0x0000000060080000)]
  0x000000005d95a000 JavaThread "GC Daemon" daemon [_thread_blocked, id=20564, stack(0x0000000064b40000,0x0000000064c40000)]
  0x000000005c706800 JavaThread "RMI Scheduler(0)" daemon [_thread_blocked, id=20556, stack(0x00000000644a0000,0x00000000645a0000)]
  0x000000005957f800 JavaThread "Memory manager" [_thread_blocked, id=9936, stack(0x0000000060080000,0x0000000060180000)]
  0x0000000059466000 JavaThread "File lock request listener" [_thread_in_native, id=9584, stack(0x0000000057fc0000,0x00000000580c0000)]
  0x0000000059294000 JavaThread "Cache worker for file hash cache (C:\Users\Admin\.gradle\caches\4.4\fileHashes)" [_thread_blocked, id=9660, stack(0x000000005b050000,0x000000005b150000)]
  0x00000000584fb000 JavaThread "Daemon periodic checks" [_thread_blocked, id=9192, stack(0x000000005a1b0000,0x000000005a2b0000)]
  0x0000000057bba800 JavaThread "Incoming local TCP Connector on port 27165" [_thread_in_native, id=9412, stack(0x0000000059fa0000,0x000000005a0a0000)]
  0x0000000055f0f800 JavaThread "Service Thread" daemon [_thread_blocked, id=8376, stack(0x0000000057080000,0x0000000057180000)]
  0x0000000055f0e800 JavaThread "C1 CompilerThread2" daemon [_thread_blocked, id=9296, stack(0x0000000057eb0000,0x0000000057fb0000)]
=>0x0000000055f0d800 JavaThread "C2 CompilerThread1" daemon [_thread_in_native, id=9304, stack(0x0000000057900000,0x0000000057a00000)]
  0x0000000055f08000 JavaThread "C2 CompilerThread0" daemon [_thread_blocked, id=10232, stack(0x00000000576d0000,0x00000000577d0000)]
  0x0000000055f04800 JavaThread "Attach Listener" daemon [_thread_blocked, id=9932, stack(0x00000000574d0000,0x00000000575d0000)]
  0x0000000055f02800 JavaThread "Signal Dispatcher" daemon [_thread_blocked, id=9944, stack(0x0000000056e00000,0x0000000056f00000)]
  0x0000000055eea800 JavaThread "Finalizer" daemon [_thread_blocked, id=9940, stack(0x0000000057350000,0x0000000057450000)]
  0x0000000055ea3000 JavaThread "Reference Handler" daemon [_thread_blocked, id=9996, stack(0x00000000571a0000,0x00000000572a0000)]
  0x0000000001f2e800 JavaThread "main" [_thread_blocked, id=10196, stack(0x0000000001f70000,0x0000000002070000)]

Other Threads:
  0x0000000055e99800 VMThread [stack: 0x0000000056f10000,0x0000000057010000] [id=10016]
  0x0000000057a71000 WatcherThread [stack: 0x00000000580c0000,0x00000000581c0000] [id=8384]

VM state:not at safepoint (normal execution)

VM Mutex/Monitor currently owned by a thread: None

Heap:
 PSYoungGen      total 496640K, used 456309K [0x00000000e0000000, 0x0000000100000000, 0x0000000100000000)
  eden space 471040K, 93% used [0x00000000e0000000,0x00000000fad018c0,0x00000000fcc00000)
  from space 25600K, 66% used [0x00000000fe700000,0x00000000ff79bb58,0x0000000100000000)
  to   space 26624K, 0% used [0x00000000fcc00000,0x00000000fcc00000,0x00000000fe600000)
 ParOldGen       total 112640K, used 80858K [0x00000000a0000000, 0x00000000a6e00000, 0x00000000e0000000)
  object space 112640K, 71% used [0x00000000a0000000,0x00000000a4ef69e8,0x00000000a6e00000)
 Metaspace       used 100876K, capacity 107541K, committed 107736K, reserved 1142784K
  class space    used 13054K, capacity 14555K, committed 14592K, reserved 1048576K

Card table byte_map: [0x0000000011700000,0x0000000011a10000] byte_map_base: 0x0000000011200000

Marking Bits: (ParMarkBitMap*) 0x00000000715f3950
 Begin Bits: [0x0000000012210000, 0x0000000013a10000)
 End Bits:   [0x0000000013a10000, 0x0000000015210000)

Polling page: 0x0000000000210000

CodeCache: size=245760Kb used=57429Kb max_used=57472Kb free=188330Kb
 bounds [0x0000000002340000, 0x0000000005bc0000, 0x0000000011340000]
 total_blobs=17786 nmethods=16879 adapters=820
 compilation: enabled

Compilation events (10 events):
Event: 1570.280 Thread 0x0000000055f0e800 nmethod 21185 0x00000000039bb550 code [0x00000000039bb720, 0x00000000039bbfb8]
Event: 1570.281 Thread 0x0000000055f0e800 21186       3       org.gradle.api.internal.artifacts.repositories.DefaultMavenArtifactRepository::createResolver (61 bytes)
Event: 1570.285 Thread 0x0000000055f0e800 nmethod 21186 0x0000000003205f10 code [0x0000000003206120, 0x0000000003206c68]
Event: 1570.285 Thread 0x0000000055f0e800 21187       3       org.gradle.api.internal.artifacts.repositories.DefaultMavenArtifactRepository::getTransport (17 bytes)
Event: 1570.286 Thread 0x0000000055f0e800 nmethod 21187 0x00000000032053d0 code [0x0000000003205580, 0x0000000003205ba8]
Event: 1570.346 Thread 0x0000000055f0e800 21190       3       com.google.common.collect.MultimapBuilder$ArrayListSupplier::get (12 bytes)
Event: 1570.347 Thread 0x0000000055f0e800 nmethod 21190 0x0000000005627690 code [0x0000000005627800, 0x00000000056279e8]
Event: 1570.348 Thread 0x0000000055f0d800 21191       4       org.gradle.api.internal.file.collections.DefaultFileCollectionResolveContext::push (14 bytes)
Event: 1570.350 Thread 0x0000000055f0e800 21192       3       com.google.common.collect.Lists::newArrayListWithCapacity (16 bytes)
Event: 1570.351 Thread 0x0000000055f0e800 nmethod 21192 0x00000000039bb110 code [0x00000000039bb280, 0x00000000039bb478]

GC Heap History (10 events):
Event: 89.894 GC heap before
{Heap before GC invocations=18 (full 4):
 PSYoungGen      total 349184K, used 15077K [0x00000000e0000000, 0x00000000f7300000, 0x0000000100000000)
  eden space 331776K, 0% used [0x00000000e0000000,0x00000000e0000000,0x00000000f4400000)
  from space 17408K, 86% used [0x00000000f6200000,0x00000000f70b9678,0x00000000f7300000)
  to   space 24064K, 0% used [0x00000000f4400000,0x00000000f4400000,0x00000000f5b80000)
 ParOldGen       total 68096K, used 61009K [0x00000000a0000000, 0x00000000a4280000, 0x00000000e0000000)
  object space 68096K, 89% used [0x00000000a0000000,0x00000000a3b94418,0x00000000a4280000)
 Metaspace       used 70906K, capacity 73815K, committed 74072K, reserved 1114112K
  class space    used 9454K, capacity 10244K, committed 10368K, reserved 1048576K
Event: 90.823 GC heap after
Heap after GC invocations=18 (full 4):
 PSYoungGen      total 349184K, used 0K [0x00000000e0000000, 0x00000000f7300000, 0x0000000100000000)
  eden space 331776K, 0% used [0x00000000e0000000,0x00000000e0000000,0x00000000f4400000)
  from space 17408K, 0% used [0x00000000f6200000,0x00000000f6200000,0x00000000f7300000)
  to   space 24064K, 0% used [0x00000000f4400000,0x00000000f4400000,0x00000000f5b80000)
 ParOldGen       total 112640K, used 67276K [0x00000000a0000000, 0x00000000a6e00000, 0x00000000e0000000)
  object space 112640K, 59% used [0x00000000a0000000,0x00000000a41b3210,0x00000000a6e00000)
 Metaspace       used 70906K, capacity 73815K, committed 74072K, reserved 1114112K
  class space    used 9454K, capacity 10244K, committed 10368K, reserved 1048576K
}
Event: 860.404 GC heap before
{Heap before GC invocations=19 (full 4):
 PSYoungGen      total 349184K, used 331776K [0x00000000e0000000, 0x00000000f7300000, 0x0000000100000000)
  eden space 331776K, 100% used [0x00000000e0000000,0x00000000f4400000,0x00000000f4400000)
  from space 17408K, 0% used [0x00000000f6200000,0x00000000f6200000,0x00000000f7300000)
  to   space 24064K, 0% used [0x00000000f4400000,0x00000000f4400000,0x00000000f5b80000)
 ParOldGen       total 112640K, used 67276K [0x00000000a0000000, 0x00000000a6e00000, 0x00000000e0000000)
  object space 112640K, 59% used [0x00000000a0000000,0x00000000a41b3210,0x00000000a6e00000)
 Metaspace       used 75492K, capacity 78983K, committed 79320K, reserved 1118208K
  class space    used 10020K, capacity 10913K, committed 11008K, reserved 1048576K
Event: 860.454 GC heap after
Heap after GC invocations=19 (full 4):
 PSYoungGen      total 355840K, used 12587K [0x00000000e0000000, 0x00000000fd980000, 0x0000000100000000)
  eden space 331776K, 0% used [0x00000000e0000000,0x00000000e0000000,0x00000000f4400000)
  from space 24064K, 52% used [0x00000000f4400000,0x00000000f504afc0,0x00000000f5b80000)
  to   space 23552K, 0% used [0x00000000fc280000,0x00000000fc280000,0x00000000fd980000)
 ParOldGen       total 112640K, used 67284K [0x00000000a0000000, 0x00000000a6e00000, 0x00000000e0000000)
  object space 112640K, 59% used [0x00000000a0000000,0x00000000a41b5210,0x00000000a6e00000)
 Metaspace       used 75492K, capacity 78983K, committed 79320K, reserved 1118208K
  class space    used 10020K, capacity 10913K, committed 11008K, reserved 1048576K
}
Event: 1082.165 GC heap before
{Heap before GC invocations=20 (full 4):
 PSYoungGen      total 355840K, used 344363K [0x00000000e0000000, 0x00000000fd980000, 0x0000000100000000)
  eden space 331776K, 100% used [0x00000000e0000000,0x00000000f4400000,0x00000000f4400000)
  from space 24064K, 52% used [0x00000000f4400000,0x00000000f504afc0,0x00000000f5b80000)
  to   space 23552K, 0% used [0x00000000fc280000,0x00000000fc280000,0x00000000fd980000)
 ParOldGen       total 112640K, used 67284K [0x00000000a0000000, 0x00000000a6e00000, 0x00000000e0000000)
  object space 112640K, 59% used [0x00000000a0000000,0x00000000a41b5210,0x00000000a6e00000)
 Metaspace       used 91866K, capacity 97139K, committed 97240K, reserved 1132544K
  class space    used 12213K, capacity 13488K, committed 13568K, reserved 1048576K
Event: 1083.736 GC heap after
Heap after GC invocations=20 (full 4):
 PSYoungGen      total 451072K, used 22859K [0x00000000e0000000, 0x00000000fd900000, 0x0000000100000000)
  eden space 428032K, 0% used [0x00000000e0000000,0x00000000e0000000,0x00000000fa200000)
  from space 23040K, 99% used [0x00000000fc280000,0x00000000fd8d2c08,0x00000000fd900000)
  to   space 27136K, 0% used [0x00000000fa400000,0x00000000fa400000,0x00000000fbe80000)
 ParOldGen       total 112640K, used 71544K [0x00000000a0000000, 0x00000000a6e00000, 0x00000000e0000000)
  object space 112640K, 63% used [0x00000000a0000000,0x00000000a45de340,0x00000000a6e00000)
 Metaspace       used 91866K, capacity 97139K, committed 97240K, reserved 1132544K
  class space    used 12213K, capacity 13488K, committed 13568K, reserved 1048576K
}
Event: 1244.351 GC heap before
{Heap before GC invocations=21 (full 4):
 PSYoungGen      total 451072K, used 450891K [0x00000000e0000000, 0x00000000fd900000, 0x0000000100000000)
  eden space 428032K, 100% used [0x00000000e0000000,0x00000000fa200000,0x00000000fa200000)
  from space 23040K, 99% used [0x00000000fc280000,0x00000000fd8d2c08,0x00000000fd900000)
  to   space 27136K, 0% used [0x00000000fa400000,0x00000000fa400000,0x00000000fbe80000)
 ParOldGen       total 112640K, used 71544K [0x00000000a0000000, 0x00000000a6e00000, 0x00000000e0000000)
  object space 112640K, 63% used [0x00000000a0000000,0x00000000a45de340,0x00000000a6e00000)
 Metaspace       used 98834K, capacity 104369K, committed 104536K, reserved 1140736K
  class space    used 12883K, capacity 14201K, committed 14208K, reserved 1048576K
Event: 1244.459 GC heap after
Heap after GC invocations=21 (full 4):
 PSYoungGen      total 457216K, used 9372K [0x00000000e0000000, 0x0000000100000000, 0x0000000100000000)
  eden space 430080K, 0% used [0x00000000e0000000,0x00000000e0000000,0x00000000fa400000)
  from space 27136K, 34% used [0x00000000fa400000,0x00000000fad271a8,0x00000000fbe80000)
  to   space 25600K, 0% used [0x00000000fe700000,0x00000000fe700000,0x0000000100000000)
 ParOldGen       total 112640K, used 80850K [0x00000000a0000000, 0x00000000a6e00000, 0x00000000e0000000)
  object space 112640K, 71% used [0x00000000a0000000,0x00000000a4ef49e8,0x00000000a6e00000)
 Metaspace       used 98834K, capacity 104369K, committed 104536K, reserved 1140736K
  class space    used 12883K, capacity 14201K, committed 14208K, reserved 1048576K
}
Event: 1411.873 GC heap before
{Heap before GC invocations=22 (full 4):
 PSYoungGen      total 457216K, used 439452K [0x00000000e0000000, 0x0000000100000000, 0x0000000100000000)
  eden space 430080K, 100% used [0x00000000e0000000,0x00000000fa400000,0x00000000fa400000)
  from space 27136K, 34% used [0x00000000fa400000,0x00000000fad271a8,0x00000000fbe80000)
  to   space 25600K, 0% used [0x00000000fe700000,0x00000000fe700000,0x0000000100000000)
 ParOldGen       total 112640K, used 80850K [0x00000000a0000000, 0x00000000a6e00000, 0x00000000e0000000)
  object space 112640K, 71% used [0x00000000a0000000,0x00000000a4ef49e8,0x00000000a6e00000)
 Metaspace       used 99791K, capacity 105771K, committed 105944K, reserved 1140736K
  class space    used 12957K, capacity 14336K, committed 14336K, reserved 1048576K
Event: 1411.926 GC heap after
Heap after GC invocations=22 (full 4):
 PSYoungGen      total 496640K, used 17006K [0x00000000e0000000, 0x0000000100000000, 0x0000000100000000)
  eden space 471040K, 0% used [0x00000000e0000000,0x00000000e0000000,0x00000000fcc00000)
  from space 25600K, 66% used [0x00000000fe700000,0x00000000ff79bb58,0x0000000100000000)
  to   space 26624K, 0% used [0x00000000fcc00000,0x00000000fcc00000,0x00000000fe600000)
 ParOldGen       total 112640K, used 80858K [0x00000000a0000000, 0x00000000a6e00000, 0x00000000e0000000)
  object space 112640K, 71% used [0x00000000a0000000,0x00000000a4ef69e8,0x00000000a6e00000)
 Metaspace       used 99791K, capacity 105771K, committed 105944K, reserved 1140736K
  class space    used 12957K, capacity 14336K, committed 14336K, reserved 1048576K
}

Deoptimization events (10 events):
Event: 1421.417 Thread 0x0000000059585800 Uncommon trap: reason=unstable_if action=reinterpret pc=0x000000000399c1e0 method=java.util.concurrent.locks.AbstractQueuedSynchronizer.acquireQueued(Ljava/util/concurrent/locks/AbstractQueuedSynchronizer$Node;I)Z @ 70
Event: 1496.314 Thread 0x0000000059585800 Uncommon trap: reason=array_check action=maybe_recompile pc=0x0000000005917dec method=java.util.ComparableTimSort.reverseRange([Ljava/lang/Object;II)V @ 20
Event: 1496.327 Thread 0x0000000059585800 Uncommon trap: reason=array_check action=maybe_recompile pc=0x0000000005917dec method=java.util.ComparableTimSort.reverseRange([Ljava/lang/Object;II)V @ 20
Event: 1496.353 Thread 0x0000000059585800 Uncommon trap: reason=array_check action=maybe_recompile pc=0x0000000005917dec method=java.util.ComparableTimSort.reverseRange([Ljava/lang/Object;II)V @ 20
Event: 1497.538 Thread 0x0000000059585800 Uncommon trap: reason=null_check action=make_not_entrant pc=0x0000000005669820 method=org.gradle.api.internal.collections.CollectionFilter.filter(Ljava/lang/Object;)Ljava/lang/Object; @ 5
Event: 1498.561 Thread 0x000000005de0c800 Uncommon trap: reason=unstable_if action=reinterpret pc=0x0000000003faa024 method=java.util.concurrent.ConcurrentHashMap.get(Ljava/lang/Object;)Ljava/lang/Object; @ 86
Event: 1516.644 Thread 0x0000000059585800 Uncommon trap: reason=bimorphic action=maybe_recompile pc=0x0000000003ccde8c method=org.gradle.internal.logging.text.AbstractStyledTextOutput.text(Ljava/lang/Object;)Lorg/gradle/internal/logging/text/StyledTextOutput; @ 11
Event: 1542.872 Thread 0x0000000059585800 Uncommon trap: reason=predicate action=maybe_recompile pc=0x0000000005154eb0 method=com.google.common.collect.ImmutableSet.construct(I[Ljava/lang/Object;)Lcom/google/common/collect/ImmutableSet; @ 71
Event: 1542.981 Thread 0x0000000059585800 Uncommon trap: reason=array_check action=maybe_recompile pc=0x0000000004843090 method=java.util.ComparableTimSort.reverseRange([Ljava/lang/Object;II)V @ 27
Event: 1543.011 Thread 0x0000000059585800 Uncommon trap: reason=array_check action=maybe_recompile pc=0x0000000004843090 method=java.util.ComparableTimSort.reverseRange([Ljava/lang/Object;II)V @ 27

Classes redefined (0 events):
No events

Internal exceptions (10 events):
Event: 1500.653 Thread 0x000000005de9c800 Exception <a 'java/lang/InterruptedException'> (0x00000000eef123f0) thrown at [D:\src\AOSP-openjdk-cygwin\jdk8u\hotspot\src\share\vm\runtime\objectMonitor.cpp, line 1684]
Event: 1503.883 Thread 0x000000005dea0000 Exception <a 'java/lang/InterruptedException'> (0x00000000efd91ce0) thrown at [D:\src\AOSP-openjdk-cygwin\jdk8u\hotspot\src\share\vm\runtime\objectMonitor.cpp, line 1684]
Event: 1514.067 Thread 0x000000005de99000 Exception <a 'java/lang/InterruptedException'> (0x00000000f09be960) thrown at [D:\src\AOSP-openjdk-cygwin\jdk8u\hotspot\src\share\vm\runtime\objectMonitor.cpp, line 1684]
Event: 1516.619 Thread 0x0000000059aa5000 Exception <a 'java/lang/reflect/InvocationTargetException'> (0x00000000f0b6ae28) thrown at [D:\src\AOSP-openjdk-cygwin\jdk8u\hotspot\src\share\vm\runtime\reflection.cpp, line 1092]
Event: 1542.974 Thread 0x0000000059585800 Exception <a 'java/lang/ClassNotFoundException': sync_local_repo3082_bk7dnv6tljyhgngghdwb2er52BeanInfo> (0x00000000f12d1cf8) thrown at [D:\src\AOSP-openjdk-cygwin\jdk8u\hotspot\src\share\vm\classfile\systemDictionary.cpp, line 210]
Event: 1542.976 Thread 0x0000000059585800 Exception <a 'java/lang/ClassNotFoundException': sync_local_repo3082_bk7dnv6tljyhgngghdwb2er52Customizer> (0x00000000f12dd2f0) thrown at [D:\src\AOSP-openjdk-cygwin\jdk8u\hotspot\src\share\vm\classfile\systemDictionary.cpp, line 210]
Event: 1543.930 Thread 0x0000000059585800 Exception <a 'sun/nio/fs/WindowsException'> (0x00000000f3cef5a0) thrown at [D:\src\AOSP-openjdk-cygwin\jdk8u\hotspot\src\share\vm\prims\jni.cpp, line 709]
Event: 1547.753 Thread 0x000000005957e800 Exception <a 'java/lang/InterruptedException'> (0x00000000f8bc2aa0) thrown at [D:\src\AOSP-openjdk-cygwin\jdk8u\hotspot\src\share\vm\runtime\objectMonitor.cpp, line 1684]
Event: 1550.086 Thread 0x0000000059581000 Exception <a 'java/lang/InterruptedException'> (0x00000000f98f1090) thrown at [D:\src\AOSP-openjdk-cygwin\jdk8u\hotspot\src\share\vm\runtime\objectMonitor.cpp, line 1684]
Event: 1561.561 Thread 0x000000005d71a800 Exception <a 'java/lang/InterruptedException'> (0x00000000fa696140) thrown at [D:\src\AOSP-openjdk-cygwin\jdk8u\hotspot\src\share\vm\runtime\objectMonitor.cpp, line 1684]

Events (10 events):
Event: 1569.874 Thread 0x0000000055f0e800 flushing nmethod 0x0000000003a2a490
Event: 1569.890 Thread 0x0000000055f0e800 flushing nmethod 0x0000000003f18c50
Event: 1569.891 Thread 0x0000000055f0e800 flushing nmethod 0x0000000003fa7110
Event: 1569.900 Thread 0x0000000055f0e800 flushing nmethod 0x0000000004809210
Event: 1569.913 Thread 0x0000000055f0e800 flushing nmethod 0x0000000004a6b590
Event: 1569.945 Thread 0x0000000055f08000 flushing nmethod 0x0000000005627590
Event: 1570.238 Executing VM operation: RevokeBias
Event: 1570.239 Executing VM operation: RevokeBias done
Event: 1570.239 Thread 0x0000000059580000 DEOPT PACKING pc=0x00000000056b3008 sp=0x000000006539c5f0
Event: 1570.239 Thread 0x0000000059580000 DEOPT UNPACKING pc=0x00000000023871bf sp=0x000000006539c328 mode 0


Dynamic libraries:
0x000000013fde0000 - 0x000000013fe11000 	C:\Program Files\Android\Android Studio\jre\bin\java.exe
0x0000000077b00000 - 0x0000000077ca9000 	C:\Windows\SYSTEM32\ntdll.dll
0x00000000779e0000 - 0x0000000077aff000 	C:\Windows\system32\kernel32.dll
0x000007fefdc90000 - 0x000007fefdcfb000 	C:\Windows\system32\KERNELBASE.dll
0x000007fefe410000 - 0x000007fefe4eb000 	C:\Windows\system32\ADVAPI32.dll
0x000007fefecb0000 - 0x000007fefed4f000 	C:\Windows\system32\msvcrt.dll
0x000007fefe930000 - 0x000007fefe94f000 	C:\Windows\SYSTEM32\sechost.dll
0x000007feffce0000 - 0x000007feffe0d000 	C:\Windows\system32\RPCRT4.dll
0x00000000778e0000 - 0x00000000779da000 	C:\Windows\system32\USER32.dll
0x000007feffb30000 - 0x000007feffb97000 	C:\Windows\system32\GDI32.dll
0x000007fefe7a0000 - 0x000007fefe7ae000 	C:\Windows\system32\LPK.dll
0x000007fefdf00000 - 0x000007fefdfc9000 	C:\Windows\system32\USP10.dll
0x000007fefc4d0000 - 0x000007fefc6c4000 	C:\Windows\WinSxS\amd64_microsoft.windows.common-controls_6595b64144ccf1df_6.0.7601.17514_none_fa396087175ac9ac\COMCTL32.dll
0x000007fefe310000 - 0x000007fefe381000 	C:\Windows\system32\SHLWAPI.dll
0x000007fefed50000 - 0x000007fefed7e000 	C:\Windows\system32\IMM32.DLL
0x000007fefe7c0000 - 0x000007fefe8c9000 	C:\Windows\system32\MSCTF.dll
0x0000000070c70000 - 0x0000000070d42000 	C:\Program Files\Android\Android Studio\jre\jre\bin\msvcr100.dll
0x0000000070e30000 - 0x000000007166e000 	C:\Program Files\Android\Android Studio\jre\jre\bin\server\jvm.dll
0x000007fefb270000 - 0x000007fefb279000 	C:\Windows\system32\WSOCK32.dll
0x000007fefe4f0000 - 0x000007fefe53d000 	C:\Windows\system32\WS2_32.dll
0x000007fefe7b0000 - 0x000007fefe7b8000 	C:\Windows\system32\NSI.dll
0x000007fefa190000 - 0x000007fefa1cb000 	C:\Windows\system32\WINMM.dll
0x000007fefcb90000 - 0x000007fefcb9c000 	C:\Windows\system32\VERSION.dll
0x0000000077cd0000 - 0x0000000077cd7000 	C:\Windows\system32\PSAPI.DLL
0x000007fef5ac0000 - 0x000007fef5acf000 	C:\Program Files\Android\Android Studio\jre\jre\bin\verify.dll
0x000007fef1630000 - 0x000007fef1659000 	C:\Program Files\Android\Android Studio\jre\jre\bin\java.dll
0x000007fef16c0000 - 0x000007fef16d6000 	C:\Program Files\Android\Android Studio\jre\jre\bin\zip.dll
0x000007fefed80000 - 0x000007feffb08000 	C:\Windows\system32\SHELL32.dll
0x000007fefe100000 - 0x000007fefe303000 	C:\Windows\system32\ole32.dll
0x000007fefda50000 - 0x000007fefda5f000 	C:\Windows\system32\profapi.dll
0x000007fef0420000 - 0x000007fef043a000 	C:\Program Files\Android\Android Studio\jre\jre\bin\net.dll
0x000007fefd280000 - 0x000007fefd2d5000 	C:\Windows\system32\mswsock.dll
0x000007fefd270000 - 0x000007fefd277000 	C:\Windows\System32\wship6.dll
0x000007feedb40000 - 0x000007feedb51000 	C:\Program Files\Android\Android Studio\jre\jre\bin\nio.dll
0x000007feed500000 - 0x000007feed51e000 	C:\Users\Admin\.gradle\native\25\windows-amd64\native-platform.dll
0x000007fef1b50000 - 0x000007fef1b5d000 	C:\Program Files\Android\Android Studio\jre\jre\bin\management.dll
0x000007fefd2e0000 - 0x000007fefd2f7000 	C:\Windows\system32\CRYPTSP.dll
0x000007fefcfe0000 - 0x000007fefd027000 	C:\Windows\system32\rsaenh.dll
0x000007fefcda0000 - 0x000007fefcdbe000 	C:\Windows\system32\USERENV.dll
0x000007fefd980000 - 0x000007fefd98f000 	C:\Windows\system32\CRYPTBASE.dll
0x000007fefb240000 - 0x000007fefb267000 	C:\Windows\system32\IPHLPAPI.DLL
0x000007fefb230000 - 0x000007fefb23b000 	C:\Windows\system32\WINNSI.DLL
0x000007fefa4e0000 - 0x000007fefa4f1000 	C:\Windows\system32\dhcpcsvc6.DLL
0x000007fefa490000 - 0x000007fefa4a8000 	C:\Windows\system32\dhcpcsvc.DLL
0x000007fefd8e0000 - 0x000007fefd937000 	C:\Windows\system32\apphelp.dll
0x000007fef3950000 - 0x000007fef396e000 	C:\Users\Admin\AppData\Local\Temp\native-platform8703512752476437456dir\native-platform.dll
0x000007feed550000 - 0x000007feed574000 	C:\Program Files\Android\Android Studio\jre\jre\bin\sunec.dll
0x000007feef5c0000 - 0x000007feef5cb000 	C:\Program Files\Android\Android Studio\jre\jre\bin\sunmscapi.dll
0x000007fefdb00000 - 0x000007fefdc67000 	C:\Windows\system32\CRYPT32.dll
0x000007fefdaf0000 - 0x000007fefdaff000 	C:\Windows\system32\MSASN1.dll
0x000007fefcc80000 - 0x000007fefcc87000 	C:\Windows\System32\wshtcpip.dll
0x000007fefd100000 - 0x000007fefd15b000 	C:\Windows\system32\DNSAPI.dll
0x000007fef38d0000 - 0x000007fef38d8000 	C:\Windows\system32\rasadhlp.dll
0x000007fefa6b0000 - 0x000007fefa703000 	C:\Windows\System32\fwpuclnt.dll

VM Arguments:
jvm_args: -Xmx1536m -Dfile.encoding=windows-1252 -Duser.country=US -Duser.language=en -Duser.variant 
java_command: org.gradle.launcher.daemon.bootstrap.GradleDaemon 4.4
java_class_path (initial): C:\Users\Admin\.gradle\wrapper\dists\gradle-4.4-all\9br9xq1tocpiv8o6njlyu5op1\gradle-4.4\lib\gradle-launcher-4.4.jar
Launcher Type: SUN_STANDARD

Environment Variables:
PATH=C:\ProgramData\Oracle\Java\javapath;C:\Windows\system32;C:\Windows;C:\Windows\System32\Wbem;C:\Windows\System32\WindowsPowerShell\v1.0\;C:\Windows\system32\config\systemprofile\.dnx\bin;C:\Program Files\Microsoft DNX\Dnvm\;C:\Program Files\Microsoft SQL Server\120\Tools\Binn\;C:\Program Files\Microsoft SQL Server\130\Tools\Binn\;C:\Program Files (x86)\Windows Kits\8.1\Windows Performance Toolkit\;C:\Program Files\Intel\WiFi\bin\;C:\Program Files\Common Files\Intel\WirelessCommon\;C:\Program Files (x86)\Skype\Phone\;C:\Program Files\TortoiseHg\;C:\Program Files\Git\cmd;C:\Program Files\Git\mingw64\bin;C:\Program Files\Git\usr\bin;C:\Program Files\OpenVPN\bin;C:\Program Files\nodejs\;C:\Go\bin;C:\Users\Admin\Downloads\sdk-tools-windows-3859397\tools;C:\Program Files\Java\jdk1.8.0_151\bin;D:\Go\lib\src\github.com\revel\cmd\revel;D:\Go\lib\bin;D:\__XEP_HANG\SYSTEM\NodeJS;;C:\Program Files (x86)\Microsoft VS Code\bin;C:\Go\\bin;C:\Program Files\Intel\WiFi\bin\;C:\Program Files\Common Files\Intel\WirelessCommon\;C:\Users\Admin\AppData\Roaming\npm
USERNAME=Admin
OS=Windows_NT
PROCESSOR_IDENTIFIER=AMD64 Family 22 Model 0 Stepping 1, AuthenticAMD



---------------  S Y S T E M  ---------------

OS: Windows 7 , 64 bit Build 7601 (6.1.7601.18015)

CPU:total 4 (initial active 4) (4 cores per cpu, 1 threads per core) family 22 model 0 stepping 1, cmov, cx8, fxsr, mmx, sse, sse2, sse3, ssse3, sse4.1, sse4.2, popcnt, avx, aes, clmul, mmxext, 3dnowpref, lzcnt, sse4a, tsc, tscinvbit, tscinv, bmi1

Memory: 4k page, physical 3604744k(17008k free), swap 5700032k(5040k free)

vm_info: OpenJDK 64-Bit Server VM (25.152-b01) for windows-amd64 JRE (1.8.0_152-release-915-b01), built by "builder" with MS VC++ 10.0 (VS2010)

time: Tue Apr 17 17:26:43 2018
elapsed time: 1570 seconds (0d 0h 26m 10s)

